<?xml version="1.0" encoding="UTF-8" standalone="yes"?><!DOCTYPE report PUBLIC "-//JACOCO//DTD Report 1.1//EN" "report.dtd"><report name="TourGuide"><sessioninfo id="DESKTOP-GS8JAMI-7a7b17e8" start="1675430182860" dump="1675430184053"/><sessioninfo id="DESKTOP-GS8JAMI-dd3009b7" start="1675430592828" dump="1675430593611"/><sessioninfo id="DESKTOP-GS8JAMI-14d2834f" start="1675430671588" dump="1675430672942"/><sessioninfo id="DESKTOP-GS8JAMI-b0097fc6" start="1675432598453" dump="1675432599848"/><sessioninfo id="DESKTOP-GS8JAMI-11a05566" start="1675875163994" dump="1675875166277"/><sessioninfo id="DESKTOP-GS8JAMI-7091e33" start="1675875200230" dump="1675875210546"/><sessioninfo id="DESKTOP-GS8JAMI-41fda308" start="1675875771412" dump="1675875781420"/><sessioninfo id="DESKTOP-GS8JAMI-8bb392da" start="1675950452462" dump="1675950454252"/><sessioninfo id="DESKTOP-GS8JAMI-4a4a0de1" start="1676831791828" dump="1676831801101"/><sessioninfo id="DESKTOP-GS8JAMI-c20e1e89" start="1676832144719" dump="1676832153384"/><sessioninfo id="DESKTOP-GS8JAMI-666c39cb" start="1676832170105" dump="1676832171736"/><sessioninfo id="DESKTOP-GS8JAMI-97ad6a8e" start="1676832183938" dump="1676833101033"/><sessioninfo id="DESKTOP-GS8JAMI-5ae6daaa" start="1676888438151" dump="1676888439426"/><sessioninfo id="DESKTOP-GS8JAMI-2d720715" start="1676888473290" dump="1676888505599"/><sessioninfo id="DESKTOP-GS8JAMI-69406945" start="1676888971479" dump="1676888972310"/><sessioninfo id="DESKTOP-GS8JAMI-bfaa248f" start="1676889996432" dump="1676890011662"/><sessioninfo id="DESKTOP-GS8JAMI-f3ac72d7" start="1677494069498" dump="1677494083810"/><sessioninfo id="DESKTOP-GS8JAMI-6944a0df" start="1677497677009" dump="1677497694197"/><sessioninfo id="DESKTOP-GS8JAMI-914d0a19" start="1677497790148" dump="1677497792134"/><sessioninfo id="DESKTOP-GS8JAMI-d424f471" start="1677497857849" dump="1677497871631"/><sessioninfo id="DESKTOP-GS8JAMI-99edeadb" start="1677497935662" dump="1677497937040"/><sessioninfo id="DESKTOP-GS8JAMI-82f5e8f1" start="1677498105854" dump="1677498107136"/><sessioninfo id="DESKTOP-GS8JAMI-203f9841" start="1677503879290" dump="1677503880125"/><sessioninfo id="DESKTOP-GS8JAMI-631c9f19" start="1677503898528" dump="1677503899332"/><sessioninfo id="DESKTOP-GS8JAMI-2e80890f" start="1677514251750" dump="1677514265257"/><sessioninfo id="DESKTOP-GS8JAMI-e7797ea" start="1677514268840" dump="1677514270465"/><sessioninfo id="DESKTOP-GS8JAMI-5d7b1a6a" start="1677514572132" dump="1677514573007"/><sessioninfo id="DESKTOP-GS8JAMI-33459f2c" start="1677514605179" dump="1677514620769"/><sessioninfo id="DESKTOP-GS8JAMI-58171613" start="1677519102911" dump="1677519103908"/><sessioninfo id="DESKTOP-GS8JAMI-cd63fb7f" start="1677520085005" dump="1677520086387"/><sessioninfo id="DESKTOP-GS8JAMI-ed9f669" start="1677520906101" dump="1677520907080"/><sessioninfo id="DESKTOP-GS8JAMI-8baf8ab5" start="1677520933302" dump="1677520934258"/><sessioninfo id="DESKTOP-GS8JAMI-c2a38948" start="1677521135704" dump="1677521138361"/><sessioninfo id="DESKTOP-GS8JAMI-a3267ff8" start="1677521162896" dump="1677521165427"/><sessioninfo id="DESKTOP-GS8JAMI-ccf86933" start="1677521255736" dump="1677521258191"/><sessioninfo id="DESKTOP-GS8JAMI-9ca90c54" start="1677521834848" dump="1677521837032"/><sessioninfo id="DESKTOP-GS8JAMI-74852a04" start="1677522043385" dump="1677522044784"/><sessioninfo id="DESKTOP-GS8JAMI-adb769e2" start="1677522220770" dump="1677522222140"/><sessioninfo id="DESKTOP-GS8JAMI-a8d020f1" start="1677522374387" dump="1677522375358"/><sessioninfo id="DESKTOP-GS8JAMI-7f4fc8c2" start="1677522454132" dump="1677522455094"/><sessioninfo id="DESKTOP-GS8JAMI-30272b21" start="1677522550723" dump="1677522551747"/><sessioninfo id="DESKTOP-GS8JAMI-36f1bee" start="1677522573323" dump="1677522691827"/><sessioninfo id="DESKTOP-GS8JAMI-c7bcc4f6" start="1677522846090" dump="1677522903735"/><sessioninfo id="DESKTOP-GS8JAMI-66d77e1d" start="1677523048212" dump="1677523049209"/><sessioninfo id="DESKTOP-GS8JAMI-bae0eb49" start="1677523086008" dump="1677523087133"/><sessioninfo id="DESKTOP-GS8JAMI-a511d058" start="1677523158165" dump="1677523159109"/><sessioninfo id="DESKTOP-GS8JAMI-1d6bc2e8" start="1677523195941" dump="1677523196886"/><sessioninfo id="DESKTOP-GS8JAMI-92e62904" start="1677523222699" dump="1677523223680"/><sessioninfo id="DESKTOP-GS8JAMI-8f6528ba" start="1677523283850" dump="1677523284870"/><sessioninfo id="DESKTOP-GS8JAMI-39af3a03" start="1677523294018" dump="1677523295004"/><sessioninfo id="DESKTOP-GS8JAMI-2f7a577c" start="1677574343669" dump="1677574344834"/><sessioninfo id="DESKTOP-GS8JAMI-59ca93c1" start="1677574687226" dump="1677574729221"/><sessioninfo id="DESKTOP-GS8JAMI-538353c2" start="1677574733686" dump="1677574775865"/><sessioninfo id="DESKTOP-GS8JAMI-930c085b" start="1677574794239" dump="1677574795267"/><sessioninfo id="DESKTOP-GS8JAMI-ad245d5b" start="1677574905693" dump="1677574906761"/><sessioninfo id="DESKTOP-GS8JAMI-5841edd2" start="1677574927483" dump="1677575104361"/><sessioninfo id="DESKTOP-GS8JAMI-6d1a4c7f" start="1677575522766" dump="1677575590914"/><sessioninfo id="DESKTOP-GS8JAMI-7bc305b6" start="1677575951891" dump="1677575965098"/><sessioninfo id="DESKTOP-GS8JAMI-1ef27b88" start="1677575984318" dump="1677575996137"/><sessioninfo id="DESKTOP-GS8JAMI-46c056eb" start="1677577690607" dump="1677577703496"/><sessioninfo id="DESKTOP-GS8JAMI-b912d50e" start="1677577872070" dump="1677577887424"/><sessioninfo id="DESKTOP-GS8JAMI-64a4357d" start="1677577985268" dump="1677577986397"/><sessioninfo id="DESKTOP-GS8JAMI-5e3ce9cf" start="1677578053739" dump="1677578054741"/><sessioninfo id="DESKTOP-GS8JAMI-fb846c9c" start="1677578109413" dump="1677578110402"/><sessioninfo id="DESKTOP-GS8JAMI-f3332fe2" start="1677578124607" dump="1677578216252"/><sessioninfo id="DESKTOP-GS8JAMI-5692e54f" start="1677578228802" dump="1677578229875"/><sessioninfo id="DESKTOP-GS8JAMI-aaef00b1" start="1677578253052" dump="1677578254124"/><sessioninfo id="DESKTOP-GS8JAMI-d3b86694" start="1677578279965" dump="1677578281027"/><sessioninfo id="DESKTOP-GS8JAMI-41fa8867" start="1677578406444" dump="1677578407662"/><sessioninfo id="DESKTOP-GS8JAMI-d5e66ede" start="1677579631026" dump="1677579632259"/><sessioninfo id="DESKTOP-GS8JAMI-87f3f2b2" start="1677579642115" dump="1677579643250"/><sessioninfo id="DESKTOP-GS8JAMI-e5b4c74e" start="1677579678762" dump="1677579680058"/><sessioninfo id="DESKTOP-GS8JAMI-8620d168" start="1677579839133" dump="1677579840233"/><sessioninfo id="DESKTOP-GS8JAMI-a5bf75ed" start="1677601091927" dump="1677601092926"/><sessioninfo id="DESKTOP-GS8JAMI-184a04a7" start="1677601265779" dump="1677601266821"/><sessioninfo id="DESKTOP-GS8JAMI-38857825" start="1677601365472" dump="1677601366505"/><sessioninfo id="DESKTOP-GS8JAMI-6a866565" start="1677601559464" dump="1677601560735"/><sessioninfo id="DESKTOP-GS8JAMI-3d5e4122" start="1677602242880" dump="1677602243963"/><sessioninfo id="DESKTOP-GS8JAMI-90bc1ce5" start="1677602677216" dump="1677602693504"/><sessioninfo id="DESKTOP-GS8JAMI-ed961ce9" start="1677602695544" dump="1677602710927"/><sessioninfo id="DESKTOP-GS8JAMI-9d8df6fd" start="1677602721544" dump="1677602722789"/><sessioninfo id="DESKTOP-GS8JAMI-239b0c9e" start="1677602747823" dump="1677602749017"/><sessioninfo id="DESKTOP-GS8JAMI-aae9a0fe" start="1677602758781" dump="1677602772424"/><sessioninfo id="DESKTOP-GS8JAMI-8a8a6632" start="1677603188038" dump="1677603202798"/><sessioninfo id="DESKTOP-GS8JAMI-3bc6bf42" start="1677603232878" dump="1677603246360"/><sessioninfo id="DESKTOP-GS8JAMI-f392dd4d" start="1677608119761" dump="1677608129086"/><sessioninfo id="DESKTOP-GS8JAMI-48c753b" start="1677608394251" dump="1677608395349"/><sessioninfo id="DESKTOP-GS8JAMI-e73d3b0f" start="1677608598239" dump="1677608599320"/><sessioninfo id="DESKTOP-GS8JAMI-c311070f" start="1677655674045" dump="1677655691891"/><sessioninfo id="DESKTOP-GS8JAMI-25595054" start="1677655716831" dump="1677655718057"/><sessioninfo id="DESKTOP-GS8JAMI-310632f2" start="1677658127070" dump="1677658128229"/><sessioninfo id="DESKTOP-GS8JAMI-322a33b7" start="1677658947272" dump="1677658948407"/><sessioninfo id="DESKTOP-GS8JAMI-84f661e8" start="1677658991210" dump="1677658992336"/><sessioninfo id="DESKTOP-GS8JAMI-1b9066cc" start="1677659287755" dump="1677659288829"/><sessioninfo id="DESKTOP-GS8JAMI-12e4dbfb" start="1677659385856" dump="1677659401359"/><sessioninfo id="DESKTOP-GS8JAMI-3f6ac4f" start="1677666885102" dump="1677666886166"/><sessioninfo id="DESKTOP-GS8JAMI-8bd2adaa" start="1677667128642" dump="1677667129744"/><sessioninfo id="DESKTOP-GS8JAMI-9f23a132" start="1677667213843" dump="1677667214878"/><sessioninfo id="DESKTOP-GS8JAMI-7e1bfff9" start="1677667235169" dump="1677667236249"/><sessioninfo id="DESKTOP-GS8JAMI-77ea977d" start="1677667297789" dump="1677667298796"/><sessioninfo id="DESKTOP-GS8JAMI-2b204971" start="1677667524430" dump="1677667529183"/><sessioninfo id="DESKTOP-GS8JAMI-8ba0aeec" start="1677668402866" dump="1677668403943"/><sessioninfo id="DESKTOP-GS8JAMI-1ac351b6" start="1677668490392" dump="1677668491444"/><sessioninfo id="DESKTOP-GS8JAMI-2ba9b183" start="1677691319160" dump="1677691320230"/><sessioninfo id="DESKTOP-GS8JAMI-5e23f0b4" start="1677691855579" dump="1677691856659"/><sessioninfo id="DESKTOP-GS8JAMI-a1fd57b4" start="1677692705642" dump="1677692706685"/><sessioninfo id="DESKTOP-GS8JAMI-6882375a" start="1677692711948" dump="1677692713052"/><sessioninfo id="DESKTOP-GS8JAMI-5d9b6b03" start="1677692902666" dump="1677692903696"/><sessioninfo id="DESKTOP-GS8JAMI-cbd8dee7" start="1677693256422" dump="1677693257488"/><sessioninfo id="DESKTOP-GS8JAMI-58b3fd04" start="1677694022009" dump="1677694023086"/><sessioninfo id="DESKTOP-GS8JAMI-fd2c9363" start="1677694553684" dump="1677694554726"/><sessioninfo id="DESKTOP-GS8JAMI-35647a49" start="1677694597514" dump="1677694847892"/><sessioninfo id="DESKTOP-GS8JAMI-55541bb9" start="1677694960472" dump="1677694961523"/><sessioninfo id="DESKTOP-GS8JAMI-939f1429" start="1677695538334" dump="1677695539460"/><sessioninfo id="DESKTOP-GS8JAMI-73bbbaae" start="1677695658581" dump="1677695659667"/><sessioninfo id="DESKTOP-GS8JAMI-4c83d1d8" start="1677695792375" dump="1677695793463"/><sessioninfo id="DESKTOP-GS8JAMI-f156b337" start="1677747326405" dump="1677747327464"/><sessioninfo id="DESKTOP-GS8JAMI-42e19f10" start="1677747418344" dump="1677747419397"/><sessioninfo id="DESKTOP-GS8JAMI-859e3386" start="1677747754953" dump="1677747756009"/><sessioninfo id="DESKTOP-GS8JAMI-c35b3c10" start="1677747810533" dump="1677747811581"/><sessioninfo id="DESKTOP-GS8JAMI-ac1a3441" start="1677747931296" dump="1677747932394"/><sessioninfo id="DESKTOP-GS8JAMI-a7248ed4" start="1677747958618" dump="1677747959671"/><sessioninfo id="DESKTOP-GS8JAMI-7390b3ec" start="1677748024546" dump="1677748025627"/><sessioninfo id="DESKTOP-GS8JAMI-40f252ec" start="1677748148399" dump="1677748149404"/><sessioninfo id="DESKTOP-GS8JAMI-f008ae7b" start="1677748157349" dump="1677748158454"/><sessioninfo id="DESKTOP-GS8JAMI-c780b6ea" start="1677749395923" dump="1677749396949"/><sessioninfo id="DESKTOP-GS8JAMI-a0581e53" start="1677749413388" dump="1677749414515"/><sessioninfo id="DESKTOP-GS8JAMI-ec3a492e" start="1677749616882" dump="1677749617921"/><sessioninfo id="DESKTOP-GS8JAMI-a6c07f5" start="1677749866873" dump="1677749867946"/><sessioninfo id="DESKTOP-GS8JAMI-25818639" start="1677750072985" dump="1677750074049"/><sessioninfo id="DESKTOP-GS8JAMI-9169eb40" start="1677750096288" dump="1677750097341"/><sessioninfo id="DESKTOP-GS8JAMI-79c2fe1f" start="1677750213185" dump="1677750214270"/><sessioninfo id="DESKTOP-GS8JAMI-695d2c13" start="1677751540354" dump="1677751541368"/><sessioninfo id="DESKTOP-GS8JAMI-2281b01a" start="1677751571159" dump="1677751572207"/><sessioninfo id="DESKTOP-GS8JAMI-8eebdb8e" start="1677751632663" dump="1677751633726"/><sessioninfo id="DESKTOP-GS8JAMI-65f42e2c" start="1677751660909" dump="1677751661953"/><sessioninfo id="DESKTOP-GS8JAMI-93b27b7" start="1677751699636" dump="1677751700662"/><sessioninfo id="DESKTOP-GS8JAMI-871a9d76" start="1677751751836" dump="1677751752954"/><sessioninfo id="DESKTOP-GS8JAMI-36879ee3" start="1677751754406" dump="1677751755436"/><sessioninfo id="DESKTOP-GS8JAMI-68d6c1c8" start="1677751764365" dump="1677751765454"/><sessioninfo id="DESKTOP-GS8JAMI-2fe05489" start="1677751816662" dump="1677751817656"/><sessioninfo id="DESKTOP-GS8JAMI-fc52424d" start="1677751912130" dump="1677751913194"/><sessioninfo id="DESKTOP-GS8JAMI-ac6da15a" start="1677751937088" dump="1677751938151"/><sessioninfo id="DESKTOP-GS8JAMI-4f0dc9f" start="1677751962432" dump="1677751963450"/><sessioninfo id="DESKTOP-GS8JAMI-e8864979" start="1677751977127" dump="1677751978326"/><sessioninfo id="DESKTOP-GS8JAMI-ed790395" start="1677752000228" dump="1677752001019"/><sessioninfo id="DESKTOP-GS8JAMI-fb261419" start="1677752003741" dump="1677752004566"/><sessioninfo id="DESKTOP-GS8JAMI-1e32f23" start="1677752128112" dump="1677752141409"/><sessioninfo id="DESKTOP-GS8JAMI-b255a96b" start="1677752566983" dump="1677752580929"/><sessioninfo id="DESKTOP-GS8JAMI-f2456b5c" start="1677754514286" dump="1677754515710"/><sessioninfo id="DESKTOP-GS8JAMI-bf3f5945" start="1677754716425" dump="1677754717791"/><sessioninfo id="DESKTOP-GS8JAMI-37ed22df" start="1677754794919" dump="1677754796252"/><sessioninfo id="DESKTOP-GS8JAMI-7664ba0f" start="1677754950425" dump="1677754951806"/><sessioninfo id="DESKTOP-GS8JAMI-1b6e809f" start="1677755057461" dump="1677755058803"/><sessioninfo id="DESKTOP-GS8JAMI-cc24ce28" start="1677755269541" dump="1677755270883"/><sessioninfo id="DESKTOP-GS8JAMI-3effbd4e" start="1677755340450" dump="1677755341772"/><sessioninfo id="DESKTOP-GS8JAMI-9b8ea4bf" start="1677755375238" dump="1677755376609"/><sessioninfo id="DESKTOP-GS8JAMI-7b23299d" start="1677755443009" dump="1677755444430"/><sessioninfo id="DESKTOP-GS8JAMI-402370f2" start="1677755568815" dump="1677755570156"/><sessioninfo id="DESKTOP-GS8JAMI-e0166220" start="1677755608241" dump="1677755609607"/><sessioninfo id="DESKTOP-GS8JAMI-33c91fde" start="1677755690140" dump="1677755691942"/><sessioninfo id="DESKTOP-GS8JAMI-b98af51" start="1677755779202" dump="1677755780989"/><sessioninfo id="DESKTOP-GS8JAMI-2f7f6aa5" start="1677755790613" dump="1677755792366"/><sessioninfo id="DESKTOP-GS8JAMI-11ea2922" start="1677755996715" dump="1677755998437"/><sessioninfo id="DESKTOP-GS8JAMI-7e82fdf5" start="1677756137908" dump="1677756139275"/><sessioninfo id="DESKTOP-GS8JAMI-a4d024ec" start="1677756178897" dump="1677756180669"/><sessioninfo id="DESKTOP-GS8JAMI-2ab7d272" start="1677756594327" dump="1677756596081"/><sessioninfo id="DESKTOP-GS8JAMI-5e57a1a" start="1677756858845" dump="1677756879248"/><sessioninfo id="DESKTOP-GS8JAMI-a4e82d18" start="1677757122655" dump="1677757124396"/><sessioninfo id="DESKTOP-GS8JAMI-7e9afe78" start="1677757311904" dump="1677757313767"/><sessioninfo id="DESKTOP-GS8JAMI-4e8aa0f8" start="1677757847962" dump="1677757849673"/><sessioninfo id="DESKTOP-GS8JAMI-641d3c88" start="1677766646468" dump="1677766648255"/><sessioninfo id="DESKTOP-GS8JAMI-e2a8baa3" start="1677766655604" dump="1677766656910"/><sessioninfo id="DESKTOP-GS8JAMI-5c5ddafb" start="1678109599681" dump="1678109601209"/><sessioninfo id="DESKTOP-GS8JAMI-f1194cee" start="1678109699061" dump="1678109719324"/><sessioninfo id="DESKTOP-GS8JAMI-d2424959" start="1678175840954" dump="1678175867532"/><sessioninfo id="DESKTOP-GS8JAMI-f74ed611" start="1678175880073" dump="1678175892547"/><sessioninfo id="DESKTOP-GS8JAMI-101c2822" start="1678175902632" dump="1678175903445"/><sessioninfo id="DESKTOP-GS8JAMI-1ea049ca" start="1678175907721" dump="1678175908532"/><sessioninfo id="DESKTOP-GS8JAMI-c82d7c83" start="1678175915759" dump="1678175944139"/><sessioninfo id="DESKTOP-GS8JAMI-547aba61" start="1678175969061" dump="1678175996428"/><sessioninfo id="DESKTOP-GS8JAMI-dbdc10a3" start="1678176151010" dump="1678176152491"/><sessioninfo id="DESKTOP-GS8JAMI-b79bc359" start="1678176157502" dump="1678176158453"/><sessioninfo id="DESKTOP-GS8JAMI-dc6ac13" start="1678176162267" dump="1678176163195"/><sessioninfo id="DESKTOP-GS8JAMI-fbce6694" start="1678176167257" dump="1678176169130"/><sessioninfo id="DESKTOP-GS8JAMI-12202b5b" start="1678176175705" dump="1678176176692"/><sessioninfo id="DESKTOP-GS8JAMI-7ed144ff" start="1678176425461" dump="1678176772370"/><sessioninfo id="DESKTOP-GS8JAMI-74d6a794" start="1678185316123" dump="1678185317620"/><sessioninfo id="DESKTOP-GS8JAMI-344b31b3" start="1678186382862" dump="1678186395113"/><sessioninfo id="DESKTOP-GS8JAMI-bef03464" start="1678186493493" dump="1678186508601"/><sessioninfo id="DESKTOP-GS8JAMI-f8a66f54" start="1678285125974" dump="1678285127005"/><sessioninfo id="DESKTOP-GS8JAMI-b61013ee" start="1678285217551" dump="1678285218528"/><sessioninfo id="DESKTOP-GS8JAMI-b29cb98d" start="1678285515631" dump="1678285516624"/><sessioninfo id="DESKTOP-GS8JAMI-d99c92b5" start="1678286346669" dump="1678286361281"/><sessioninfo id="DESKTOP-GS8JAMI-6986a902" start="1678287105705" dump="1678287116383"/><sessioninfo id="DESKTOP-GS8JAMI-31950232" start="1678287295177" dump="1678287308445"/><sessioninfo id="DESKTOP-GS8JAMI-b8dc92d8" start="1678287434663" dump="1678287446247"/><sessioninfo id="DESKTOP-GS8JAMI-d78cf2e6" start="1678645508708" dump="1678645510028"/><sessioninfo id="DESKTOP-GS8JAMI-1c56b8a9" start="1678645530328" dump="1678645546333"/><sessioninfo id="DESKTOP-GS8JAMI-47d1d5f1" start="1678645588517" dump="1678645600635"/><sessioninfo id="DESKTOP-GS8JAMI-111c4877" start="1678646617933" dump="1678646619444"/><sessioninfo id="DESKTOP-GS8JAMI-cdcb7f2f" start="1678696077919" dump="1678696272406"/><sessioninfo id="DESKTOP-GS8JAMI-ac9f8881" start="1678699429973" dump="1678699445686"/><package name="tourGuide"><class name="tourGuide/Application" sourcefilename="Application.java"><method name="&lt;init&gt;" desc="()V" line="9"><counter type="INSTRUCTION" missed="0" covered="3"/><counter type="LINE" missed="0" covered="1"/><counter type="COMPLEXITY" missed="0" covered="1"/><counter type="METHOD" missed="0" covered="1"/></method><method name="main" desc="([Ljava/lang/String;)V" line="12"><counter type="INSTRUCTION" missed="7" covered="0"/><counter type="LINE" missed="3" covered="0"/><counter type="COMPLEXITY" missed="1" covered="0"/><counter type="METHOD" missed="1" covered="0"/></method><counter type="INSTRUCTION" missed="7" covered="3"/><counter type="LINE" missed="3" covered="1"/><counter type="COMPLEXITY" missed="1" covered="1"/><counter type="METHOD" missed="1" covered="1"/><counter type="CLASS" missed="0" covered="1"/></class><class name="tourGuide/TourGuideModule" sourcefilename="TourGuideModule.java"><method name="&lt;init&gt;" desc="()V" line="11"><counter type="INSTRUCTION" missed="0" covered="3"/><counter type="LINE" missed="0" covered="1"/><counter type="COMPLEXITY" missed="0" covered="1"/><counter type="METHOD" missed="0" covered="1"/></method><method name="getGpsUtil" desc="()LgpsUtil/GpsUtil;" line="15"><counter type="INSTRUCTION" missed="0" covered="4"/><counter type="LINE" missed="0" covered="1"/><counter type="COMPLEXITY" missed="0" covered="1"/><counter type="METHOD" missed="0" covered="1"/></method><method name="getRewardsService" desc="()LtourGuide/service/RewardsService;" line="20"><counter type="INSTRUCTION" missed="0" covered="8"/><counter type="LINE" missed="0" covered="1"/><counter type="COMPLEXITY" missed="0" covered="1"/><counter type="METHOD" missed="0" covered="1"/></method><method name="getRewardCentral" desc="()LrewardCentral/RewardCentral;" line="25"><counter type="INSTRUCTION" missed="0" covered="4"/><counter type="LINE" missed="0" covered="1"/><counter type="COMPLEXITY" missed="0" covered="1"/><counter type="METHOD" missed="0" covered="1"/></method><counter type="INSTRUCTION" missed="0" covered="19"/><counter type="LINE" missed="0" covered="4"/><counter type="COMPLEXITY" missed="0" covered="4"/><counter type="METHOD" missed="0" covered="4"/><counter type="CLASS" missed="0" covered="1"/></class><class name="tourGuide/TourGuideController" sourcefilename="TourGuideController.java"><method name="&lt;init&gt;" desc="()V" line="18"><counter type="INSTRUCTION" missed="0" covered="3"/><counter type="LINE" missed="0" covered="1"/><counter type="COMPLEXITY" missed="0" covered="1"/><counter type="METHOD" missed="0" covered="1"/></method><method name="index" desc="()Ljava/lang/String;" line="25"><counter type="INSTRUCTION" missed="2" covered="0"/><counter type="LINE" missed="1" covered="0"/><counter type="COMPLEXITY" missed="1" covered="0"/><counter type="METHOD" missed="1" covered="0"/></method><method name="getLocation" desc="(Ljava/lang/String;)Ljava/lang/String;" line="30"><counter type="INSTRUCTION" missed="11" covered="0"/><counter type="LINE" missed="2" covered="0"/><counter type="COMPLEXITY" missed="1" covered="0"/><counter type="METHOD" missed="1" covered="0"/></method><method name="getNearbyAttractions" desc="(Ljava/lang/String;)Ljava/lang/String;" line="45"><counter type="INSTRUCTION" missed="13" covered="0"/><counter type="LINE" missed="2" covered="0"/><counter type="COMPLEXITY" missed="1" covered="0"/><counter type="METHOD" missed="1" covered="0"/></method><method name="getRewards" desc="(Ljava/lang/String;)Ljava/lang/String;" line="51"><counter type="INSTRUCTION" missed="8" covered="0"/><counter type="LINE" missed="1" covered="0"/><counter type="COMPLEXITY" missed="1" covered="0"/><counter type="METHOD" missed="1" covered="0"/></method><method name="getAllCurrentLocations" desc="()Ljava/lang/String;" line="66"><counter type="INSTRUCTION" missed="3" covered="0"/><counter type="LINE" missed="1" covered="0"/><counter type="COMPLEXITY" missed="1" covered="0"/><counter type="METHOD" missed="1" covered="0"/></method><method name="getTripDeals" desc="(Ljava/lang/String;)Ljava/lang/String;" line="71"><counter type="INSTRUCTION" missed="10" covered="0"/><counter type="LINE" missed="2" covered="0"/><counter type="COMPLEXITY" missed="1" covered="0"/><counter type="METHOD" missed="1" covered="0"/></method><method name="getUser" desc="(Ljava/lang/String;)LtourGuide/user/User;" line="76"><counter type="INSTRUCTION" missed="5" covered="0"/><counter type="LINE" missed="1" covered="0"/><counter type="COMPLEXITY" missed="1" covered="0"/><counter type="METHOD" missed="1" covered="0"/></method><counter type="INSTRUCTION" missed="52" covered="3"/><counter type="LINE" missed="10" covered="1"/><counter type="COMPLEXITY" missed="7" covered="1"/><counter type="METHOD" missed="7" covered="1"/><counter type="CLASS" missed="0" covered="1"/></class><sourcefile name="Application.java"><line nr="9" mi="0" ci="3" mb="0" cb="0"/><line nr="12" mi="2" ci="0" mb="0" cb="0"/><line nr="13" mi="4" ci="0" mb="0" cb="0"/><line nr="14" mi="1" ci="0" mb="0" cb="0"/><counter type="INSTRUCTION" missed="7" covered="3"/><counter type="LINE" missed="3" covered="1"/><counter type="COMPLEXITY" missed="1" covered="1"/><counter type="METHOD" missed="1" covered="1"/><counter type="CLASS" missed="0" covered="1"/></sourcefile><sourcefile name="TourGuideModule.java"><line nr="11" mi="0" ci="3" mb="0" cb="0"/><line nr="15" mi="0" ci="4" mb="0" cb="0"/><line nr="20" mi="0" ci="8" mb="0" cb="0"/><line nr="25" mi="0" ci="4" mb="0" cb="0"/><counter type="INSTRUCTION" missed="0" covered="19"/><counter type="LINE" missed="0" covered="4"/><counter type="COMPLEXITY" missed="0" covered="4"/><counter type="METHOD" missed="0" covered="4"/><counter type="CLASS" missed="0" covered="1"/></sourcefile><sourcefile name="TourGuideController.java"><line nr="18" mi="0" ci="3" mb="0" cb="0"/><line nr="25" mi="2" ci="0" mb="0" cb="0"/><line nr="30" mi="7" ci="0" mb="0" cb="0"/><line nr="31" mi="4" ci="0" mb="0" cb="0"/><line nr="45" mi="7" ci="0" mb="0" cb="0"/><line nr="46" mi="6" ci="0" mb="0" cb="0"/><line nr="51" mi="8" ci="0" mb="0" cb="0"/><line nr="66" mi="3" ci="0" mb="0" cb="0"/><line nr="71" mi="7" ci="0" mb="0" cb="0"/><line nr="72" mi="3" ci="0" mb="0" cb="0"/><line nr="76" mi="5" ci="0" mb="0" cb="0"/><counter type="INSTRUCTION" missed="52" covered="3"/><counter type="LINE" missed="10" covered="1"/><counter type="COMPLEXITY" missed="7" covered="1"/><counter type="METHOD" missed="7" covered="1"/><counter type="CLASS" missed="0" covered="1"/></sourcefile><counter type="INSTRUCTION" missed="59" covered="25"/><counter type="LINE" missed="13" covered="6"/><counter type="COMPLEXITY" missed="8" covered="6"/><counter type="METHOD" missed="8" covered="6"/><counter type="CLASS" missed="0" covered="3"/></package><package name="tourGuide/tracker"><class name="tourGuide/tracker/Tracker" sourcefilename="Tracker.java"><method name="&lt;init&gt;" desc="(LtourGuide/service/TourGuideService;)V" line="16"><counter type="INSTRUCTION" missed="0" covered="21"/><counter type="LINE" missed="0" covered="7"/><counter type="COMPLEXITY" missed="0" covered="1"/><counter type="METHOD" missed="0" covered="1"/></method><method name="stopTracking" desc="()V" line="32"><counter type="INSTRUCTION" missed="0" covered="8"/><counter type="LINE" missed="0" covered="3"/><counter type="COMPLEXITY" missed="0" covered="1"/><counter type="METHOD" missed="0" covered="1"/></method><method name="run" desc="()V" line="38"><counter type="INSTRUCTION" missed="5" covered="66"/><counter type="BRANCH" missed="1" covered="3"/><counter type="LINE" missed="3" covered="15"/><counter type="COMPLEXITY" missed="1" covered="2"/><counter type="METHOD" missed="0" covered="1"/></method><method name="lambda$run$0" desc="(LtourGuide/user/User;)V" line="48"><counter type="INSTRUCTION" missed="0" covered="6"/><counter type="LINE" missed="0" covered="1"/><counter type="COMPLEXITY" missed="0" covered="1"/><counter type="METHOD" missed="0" covered="1"/></method><method name="&lt;clinit&gt;" desc="()V" line="17"><counter type="INSTRUCTION" missed="0" covered="5"/><counter type="LINE" missed="0" covered="1"/><counter type="COMPLEXITY" missed="0" covered="1"/><counter type="METHOD" missed="0" covered="1"/></method><counter type="INSTRUCTION" missed="5" covered="106"/><counter type="BRANCH" missed="1" covered="3"/><counter type="LINE" missed="3" covered="26"/><counter type="COMPLEXITY" missed="1" covered="6"/><counter type="METHOD" missed="0" covered="5"/><counter type="CLASS" missed="0" covered="1"/></class><sourcefile name="Tracker.java"><line nr="16" mi="0" ci="4" mb="0" cb="0"/><line nr="17" mi="0" ci="5" mb="0" cb="0"/><line nr="18" mi="0" ci="3" mb="0" cb="0"/><line nr="20" mi="0" ci="3" mb="0" cb="0"/><line nr="22" mi="0" ci="2" mb="0" cb="0"/><line nr="23" mi="0" ci="3" mb="0" cb="0"/><line nr="25" mi="0" ci="5" mb="0" cb="0"/><line nr="26" mi="0" ci="1" mb="0" cb="0"/><line nr="32" mi="0" ci="3" mb="0" cb="0"/><line nr="33" mi="0" ci="4" mb="0" cb="0"/><line nr="34" mi="0" ci="1" mb="0" cb="0"/><line nr="38" mi="0" ci="4" mb="0" cb="0"/><line nr="40" mi="0" ci="6" mb="1" cb="3"/><line nr="41" mi="0" ci="4" mb="0" cb="0"/><line nr="42" mi="0" ci="1" mb="0" cb="0"/><line nr="45" mi="0" ci="4" mb="0" cb="0"/><line nr="46" mi="0" ci="14" mb="0" cb="0"/><line nr="47" mi="0" ci="2" mb="0" cb="0"/><line nr="48" mi="0" ci="10" mb="0" cb="0"/><line nr="49" mi="0" ci="2" mb="0" cb="0"/><line nr="50" mi="0" ci="16" mb="0" cb="0"/><line nr="51" mi="0" ci="2" mb="0" cb="0"/><line nr="53" mi="0" ci="4" mb="0" cb="0"/><line nr="54" mi="3" ci="0" mb="0" cb="0"/><line nr="55" mi="0" ci="1" mb="0" cb="0"/><line nr="56" mi="0" ci="1" mb="0" cb="0"/><line nr="57" mi="1" ci="0" mb="0" cb="0"/><line nr="58" mi="1" ci="0" mb="0" cb="0"/><line nr="60" mi="0" ci="1" mb="0" cb="0"/><counter type="INSTRUCTION" missed="5" covered="106"/><counter type="BRANCH" missed="1" covered="3"/><counter type="LINE" missed="3" covered="26"/><counter type="COMPLEXITY" missed="1" covered="6"/><counter type="METHOD" missed="0" covered="5"/><counter type="CLASS" missed="0" covered="1"/></sourcefile><counter type="INSTRUCTION" missed="5" covered="106"/><counter type="BRANCH" missed="1" covered="3"/><counter type="LINE" missed="3" covered="26"/><counter type="COMPLEXITY" missed="1" covered="6"/><counter type="METHOD" missed="0" covered="5"/><counter type="CLASS" missed="0" covered="1"/></package><package name="tourGuide/helper"><class name="tourGuide/helper/InternalTestHelper" sourcefilename="InternalTestHelper.java"><method name="&lt;init&gt;" desc="()V" line="3"><counter type="INSTRUCTION" missed="3" covered="0"/><counter type="LINE" missed="1" covered="0"/><counter type="COMPLEXITY" missed="1" covered="0"/><counter type="METHOD" missed="1" covered="0"/></method><method name="setInternalUserNumber" desc="(I)V" line="9"><counter type="INSTRUCTION" missed="0" covered="3"/><counter type="LINE" missed="0" covered="2"/><counter type="COMPLEXITY" missed="0" covered="1"/><counter type="METHOD" missed="0" covered="1"/></method><method name="getInternalUserNumber" desc="()I" line="13"><counter type="INSTRUCTION" missed="0" covered="2"/><counter type="LINE" missed="0" covered="1"/><counter type="COMPLEXITY" missed="0" covered="1"/><counter type="METHOD" missed="0" covered="1"/></method><method name="&lt;clinit&gt;" desc="()V" line="6"><counter type="INSTRUCTION" missed="0" covered="3"/><counter type="LINE" missed="0" covered="1"/><counter type="COMPLEXITY" missed="0" covered="1"/><counter type="METHOD" missed="0" covered="1"/></method><counter type="INSTRUCTION" missed="3" covered="8"/><counter type="LINE" missed="1" covered="4"/><counter type="COMPLEXITY" missed="1" covered="3"/><counter type="METHOD" missed="1" covered="3"/><counter type="CLASS" missed="0" covered="1"/></class><sourcefile name="InternalTestHelper.java"><line nr="3" mi="3" ci="0" mb="0" cb="0"/><line nr="6" mi="0" ci="3" mb="0" cb="0"/><line nr="9" mi="0" ci="2" mb="0" cb="0"/><line nr="10" mi="0" ci="1" mb="0" cb="0"/><line nr="13" mi="0" ci="2" mb="0" cb="0"/><counter type="INSTRUCTION" missed="3" covered="8"/><counter type="LINE" missed="1" covered="4"/><counter type="COMPLEXITY" missed="1" covered="3"/><counter type="METHOD" missed="1" covered="3"/><counter type="CLASS" missed="0" covered="1"/></sourcefile><counter type="INSTRUCTION" missed="3" covered="8"/><counter type="LINE" missed="1" covered="4"/><counter type="COMPLEXITY" missed="1" covered="3"/><counter type="METHOD" missed="1" covered="3"/><counter type="CLASS" missed="0" covered="1"/></package><package name="tourGuide/service"><class name="tourGuide/service/RewardsService" sourcefilename="RewardsService.java"><method name="&lt;init&gt;" desc="(LgpsUtil/GpsUtil;LrewardCentral/RewardCentral;)V" line="21"><counter type="INSTRUCTION" missed="19" covered="0"/><counter type="LINE" missed="7" covered="0"/><counter type="COMPLEXITY" missed="1" covered="0"/><counter type="METHOD" missed="1" covered="0"/></method><method name="setProximityBuffer" desc="(I)V" line="33"><counter type="INSTRUCTION" missed="4" covered="0"/><counter type="LINE" missed="2" covered="0"/><counter type="COMPLEXITY" missed="1" covered="0"/><counter type="METHOD" missed="1" covered="0"/></method><method name="setDefaultProximityBuffer" desc="()V" line="37"><counter type="INSTRUCTION" missed="5" covered="0"/><counter type="LINE" missed="2" covered="0"/><counter type="COMPLEXITY" missed="1" covered="0"/><counter type="METHOD" missed="1" covered="0"/></method><method name="calculateRewards" desc="(LtourGuide/user/User;)V" line="41"><counter type="INSTRUCTION" missed="53" covered="0"/><counter type="BRANCH" missed="8" covered="0"/><counter type="LINE" missed="10" covered="0"/><counter type="COMPLEXITY" missed="5" covered="0"/><counter type="METHOD" missed="1" covered="0"/></method><method name="isWithinAttractionProximity" desc="(LgpsUtil/location/Attraction;LgpsUtil/location/Location;)Z" line="82"><counter type="INSTRUCTION" missed="13" covered="0"/><counter type="BRANCH" missed="2" covered="0"/><counter type="LINE" missed="1" covered="0"/><counter type="COMPLEXITY" missed="2" covered="0"/><counter type="METHOD" missed="1" covered="0"/></method><method name="nearAttraction" desc="(LgpsUtil/location/VisitedLocation;LgpsUtil/location/Attraction;)Z" line="86"><counter type="INSTRUCTION" missed="14" covered="0"/><counter type="BRANCH" missed="2" covered="0"/><counter type="LINE" missed="1" covered="0"/><counter type="COMPLEXITY" missed="2" covered="0"/><counter type="METHOD" missed="1" covered="0"/></method><method name="getRewardPoints" desc="(LgpsUtil/location/Attraction;LtourGuide/user/User;)I" line="90"><counter type="INSTRUCTION" missed="8" covered="0"/><counter type="LINE" missed="1" covered="0"/><counter type="COMPLEXITY" missed="1" covered="0"/><counter type="METHOD" missed="1" covered="0"/></method><method name="getDistance" desc="(LgpsUtil/location/Location;LgpsUtil/location/Location;)D" line="94"><counter type="INSTRUCTION" missed="45" covered="0"/><counter type="LINE" missed="9" covered="0"/><counter type="COMPLEXITY" missed="1" covered="0"/><counter type="METHOD" missed="1" covered="0"/></method><method name="lambda$calculateRewards$0" desc="(LgpsUtil/location/Attraction;LtourGuide/user/UserReward;)Z" line="46"><counter type="INSTRUCTION" missed="7" covered="0"/><counter type="LINE" missed="1" covered="0"/><counter type="COMPLEXITY" missed="1" covered="0"/><counter type="METHOD" missed="1" covered="0"/></method><counter type="INSTRUCTION" missed="168" covered="0"/><counter type="BRANCH" missed="12" covered="0"/><counter type="LINE" missed="33" covered="0"/><counter type="COMPLEXITY" missed="15" covered="0"/><counter type="METHOD" missed="9" covered="0"/><counter type="CLASS" missed="1" covered="0"/></class><class name="tourGuide/service/TourGuideService$1" sourcefilename="TourGuideService.java"><method name="&lt;init&gt;" desc="(LtourGuide/service/TourGuideService;)V" line="145"><counter type="INSTRUCTION" missed="0" covered="6"/><counter type="LINE" missed="0" covered="1"/><counter type="COMPLEXITY" missed="0" covered="1"/><counter type="METHOD" missed="0" covered="1"/></method><method name="run" desc="()V" line="147"><counter type="INSTRUCTION" missed="0" covered="5"/><counter type="LINE" missed="0" covered="2"/><counter type="COMPLEXITY" missed="0" covered="1"/><counter type="METHOD" missed="0" covered="1"/></method><counter type="INSTRUCTION" missed="0" covered="11"/><counter type="LINE" missed="0" covered="3"/><counter type="COMPLEXITY" missed="0" covered="2"/><counter type="METHOD" missed="0" covered="2"/><counter type="CLASS" missed="0" covered="1"/></class><class name="tourGuide/service/TourGuideService" sourcefilename="TourGuideService.java"><method name="&lt;init&gt;" desc="(LgpsUtil/GpsUtil;LtourGuide/service/RewardsService;)V" line="26"><counter type="INSTRUCTION" missed="0" covered="51"/><counter type="BRANCH" missed="1" covered="1"/><counter type="LINE" missed="0" covered="15"/><counter type="COMPLEXITY" missed="1" covered="1"/><counter type="METHOD" missed="0" covered="1"/></method><method name="getUserRewards" desc="(LtourGuide/user/User;)Ljava/util/List;" line="48"><counter type="INSTRUCTION" missed="3" covered="0"/><counter type="LINE" missed="1" covered="0"/><counter type="COMPLEXITY" missed="1" covered="0"/><counter type="METHOD" missed="1" covered="0"/></method><method name="getUserLocation" desc="(LtourGuide/user/User;)LgpsUtil/location/VisitedLocation;" line="52"><counter type="INSTRUCTION" missed="13" covered="0"/><counter type="BRANCH" missed="2" covered="0"/><counter type="LINE" missed="4" covered="0"/><counter type="COMPLEXITY" missed="2" covered="0"/><counter type="METHOD" missed="1" covered="0"/></method><method name="getUser" desc="(Ljava/lang/String;)LtourGuide/user/User;" line="59"><counter type="INSTRUCTION" missed="0" covered="6"/><counter type="LINE" missed="0" covered="1"/><counter type="COMPLEXITY" missed="0" covered="1"/><counter type="METHOD" missed="0" covered="1"/></method><method name="getAllUsers" desc="()Ljava/util/List;" line="63"><counter type="INSTRUCTION" missed="0" covered="8"/><counter type="LINE" missed="0" covered="1"/><counter type="COMPLEXITY" missed="0" covered="1"/><counter type="METHOD" missed="0" covered="1"/></method><method name="addUser" desc="(LtourGuide/user/User;)V" line="67"><counter type="INSTRUCTION" missed="0" covered="14"/><counter type="BRANCH" missed="1" covered="1"/><counter type="LINE" missed="0" covered="3"/><counter type="COMPLEXITY" missed="1" covered="1"/><counter type="METHOD" missed="0" covered="1"/></method><method name="getTripDeals" desc="(LtourGuide/user/User;)Ljava/util/List;" line="73"><counter type="INSTRUCTION" missed="0" covered="29"/><counter type="LINE" missed="0" covered="5"/><counter type="COMPLEXITY" missed="0" covered="1"/><counter type="METHOD" missed="0" covered="1"/></method><method name="trackUserLocation" desc="(LtourGuide/user/User;)LgpsUtil/location/VisitedLocation;" line="86"><counter type="INSTRUCTION" missed="0" covered="15"/><counter type="LINE" missed="0" covered="4"/><counter type="COMPLEXITY" missed="0" covered="1"/><counter type="METHOD" missed="0" covered="1"/></method><method name="getNearByAttractions" desc="(LgpsUtil/location/VisitedLocation;)Ljava/util/List;" line="129"><counter type="INSTRUCTION" missed="0" covered="17"/><counter type="LINE" missed="0" covered="7"/><counter type="COMPLEXITY" missed="0" covered="1"/><counter type="METHOD" missed="0" covered="1"/></method><method name="addShutDownHook" desc="()V" line="145"><counter type="INSTRUCTION" missed="0" covered="7"/><counter type="LINE" missed="0" covered="2"/><counter type="COMPLEXITY" missed="0" covered="1"/><counter type="METHOD" missed="0" covered="1"/></method><method name="initializeInternalUsers" desc="()V" line="161"><counter type="INSTRUCTION" missed="0" covered="20"/><counter type="LINE" missed="0" covered="3"/><counter type="COMPLEXITY" missed="0" covered="1"/><counter type="METHOD" missed="0" covered="1"/></method><method name="generateUserLocationHistory" desc="(LtourGuide/user/User;)V" line="174"><counter type="INSTRUCTION" missed="0" covered="8"/><counter type="LINE" missed="0" covered="2"/><counter type="COMPLEXITY" missed="0" covered="1"/><counter type="METHOD" missed="0" covered="1"/></method><method name="generateRandomLongitude" desc="()D" line="180"><counter type="INSTRUCTION" missed="0" covered="15"/><counter type="LINE" missed="0" covered="3"/><counter type="COMPLEXITY" missed="0" covered="1"/><counter type="METHOD" missed="0" covered="1"/></method><method name="generateRandomLatitude" desc="()D" line="186"><counter type="INSTRUCTION" missed="0" covered="15"/><counter type="LINE" missed="0" covered="3"/><counter type="COMPLEXITY" missed="0" covered="1"/><counter type="METHOD" missed="0" covered="1"/></method><method name="getRandomTime" desc="()Ljava/util/Date;" line="192"><counter type="INSTRUCTION" missed="0" covered="14"/><counter type="LINE" missed="0" covered="2"/><counter type="COMPLEXITY" missed="0" covered="1"/><counter type="METHOD" missed="0" covered="1"/></method><method name="lambda$generateUserLocationHistory$3" desc="(LtourGuide/user/User;I)V" line="175"><counter type="INSTRUCTION" missed="0" covered="17"/><counter type="LINE" missed="0" covered="2"/><counter type="COMPLEXITY" missed="0" covered="1"/><counter type="METHOD" missed="0" covered="1"/></method><method name="lambda$initializeInternalUsers$2" desc="(I)V" line="162"><counter type="INSTRUCTION" missed="0" covered="38"/><counter type="LINE" missed="0" covered="7"/><counter type="COMPLEXITY" missed="0" covered="1"/><counter type="METHOD" missed="0" covered="1"/></method><method name="lambda$getNearByAttractions$1" desc="(LgpsUtil/location/VisitedLocation;LgpsUtil/location/Attraction;)Ljava/lang/Boolean;" line="132"><counter type="INSTRUCTION" missed="0" covered="7"/><counter type="LINE" missed="0" covered="1"/><counter type="COMPLEXITY" missed="0" covered="1"/><counter type="METHOD" missed="0" covered="1"/></method><method name="lambda$getTripDeals$0" desc="(LtourGuide/user/UserReward;)I" line="73"><counter type="INSTRUCTION" missed="3" covered="0"/><counter type="LINE" missed="1" covered="0"/><counter type="COMPLEXITY" missed="1" covered="0"/><counter type="METHOD" missed="1" covered="0"/></method><counter type="INSTRUCTION" missed="19" covered="281"/><counter type="BRANCH" missed="4" covered="2"/><counter type="LINE" missed="5" covered="60"/><counter type="COMPLEXITY" missed="6" covered="16"/><counter type="METHOD" missed="3" covered="16"/><counter type="CLASS" missed="0" covered="1"/></class><sourcefile name="RewardsService.java"><line nr="21" mi="3" ci="0" mb="0" cb="0"/><line nr="22" mi="4" ci="0" mb="0" cb="0"/><line nr="23" mi="3" ci="0" mb="0" cb="0"/><line nr="27" mi="2" ci="0" mb="0" cb="0"/><line nr="28" mi="3" ci="0" mb="0" cb="0"/><line nr="29" mi="3" ci="0" mb="0" cb="0"/><line nr="30" mi="1" ci="0" mb="0" cb="0"/><line nr="33" mi="3" ci="0" mb="0" cb="0"/><line nr="34" mi="1" ci="0" mb="0" cb="0"/><line nr="37" mi="4" ci="0" mb="0" cb="0"/><line nr="38" mi="1" ci="0" mb="0" cb="0"/><line nr="41" mi="3" ci="0" mb="0" cb="0"/><line nr="42" mi="4" ci="0" mb="0" cb="0"/><line nr="44" mi="10" ci="0" mb="2" cb="0"/><line nr="45" mi="10" ci="0" mb="2" cb="0"/><line nr="46" mi="14" ci="0" mb="2" cb="0"/><line nr="50" mi="5" ci="0" mb="2" cb="0"/><line nr="51" mi="11" ci="0" mb="0" cb="0"/><line nr="55" mi="1" ci="0" mb="0" cb="0"/><line nr="56" mi="1" ci="0" mb="0" cb="0"/><line nr="57" mi="1" ci="0" mb="0" cb="0"/><line nr="82" mi="13" ci="0" mb="2" cb="0"/><line nr="86" mi="14" ci="0" mb="2" cb="0"/><line nr="90" mi="8" ci="0" mb="0" cb="0"/><line nr="94" mi="4" ci="0" mb="0" cb="0"/><line nr="95" mi="4" ci="0" mb="0" cb="0"/><line nr="96" mi="4" ci="0" mb="0" cb="0"/><line nr="97" mi="4" ci="0" mb="0" cb="0"/><line nr="99" mi="8" ci="0" mb="0" cb="0"/><line nr="100" mi="10" ci="0" mb="0" cb="0"/><line nr="102" mi="5" ci="0" mb="0" cb="0"/><line nr="103" mi="4" ci="0" mb="0" cb="0"/><line nr="104" mi="2" ci="0" mb="0" cb="0"/><counter type="INSTRUCTION" missed="168" covered="0"/><counter type="BRANCH" missed="12" covered="0"/><counter type="LINE" missed="33" covered="0"/><counter type="COMPLEXITY" missed="15" covered="0"/><counter type="METHOD" missed="9" covered="0"/><counter type="CLASS" missed="1" covered="0"/></sourcefile><sourcefile name="TourGuideService.java"><line nr="26" mi="0" ci="4" mb="0" cb="0"/><line nr="29" mi="0" ci="5" mb="0" cb="0"/><line nr="31" mi="0" ci="3" mb="0" cb="0"/><line nr="33" mi="0" ci="2" mb="0" cb="0"/><line nr="34" mi="0" ci="3" mb="0" cb="0"/><line nr="35" mi="0" ci="3" mb="0" cb="0"/><line nr="37" mi="0" ci="3" mb="1" cb="1"/><line nr="38" mi="0" ci="4" mb="0" cb="0"/><line nr="39" mi="0" ci="4" mb="0" cb="0"/><line nr="40" mi="0" ci="2" mb="0" cb="0"/><line nr="41" mi="0" ci="4" mb="0" cb="0"/><line nr="43" mi="0" ci="6" mb="0" cb="0"/><line nr="44" mi="0" ci="2" mb="0" cb="0"/><line nr="45" mi="0" ci="1" mb="0" cb="0"/><line nr="48" mi="3" ci="0" mb="0" cb="0"/><line nr="52" mi="5" ci="0" mb="2" cb="0"/><line nr="53" mi="4" ci="0" mb="0" cb="0"/><line nr="54" mi="2" ci="0" mb="0" cb="0"/><line nr="55" mi="2" ci="0" mb="0" cb="0"/><line nr="59" mi="0" ci="6" mb="0" cb="0"/><line nr="63" mi="0" ci="8" mb="0" cb="0"/><line nr="67" mi="0" ci="6" mb="1" cb="1"/><line nr="68" mi="0" ci="7" mb="0" cb="0"/><line nr="70" mi="0" ci="1" mb="0" cb="0"/><line nr="73" mi="3" ci="7" mb="0" cb="0"/><line nr="74" mi="0" ci="11" mb="0" cb="0"/><line nr="75" mi="0" ci="6" mb="0" cb="0"/><line nr="80" mi="0" ci="3" mb="0" cb="0"/><line nr="82" mi="0" ci="2" mb="0" cb="0"/><line nr="86" mi="0" ci="6" mb="0" cb="0"/><line nr="87" mi="0" ci="3" mb="0" cb="0"/><line nr="88" mi="0" ci="4" mb="0" cb="0"/><line nr="89" mi="0" ci="2" mb="0" cb="0"/><line nr="129" mi="0" ci="2" mb="0" cb="0"/><line nr="130" mi="0" ci="1" mb="0" cb="0"/><line nr="131" mi="0" ci="4" mb="0" cb="0"/><line nr="132" mi="0" ci="10" mb="0" cb="0"/><line nr="133" mi="0" ci="1" mb="0" cb="0"/><line nr="134" mi="0" ci="4" mb="0" cb="0"/><line nr="136" mi="0" ci="2" mb="0" cb="0"/><line nr="145" mi="0" ci="12" mb="0" cb="0"/><line nr="147" mi="0" ci="4" mb="0" cb="0"/><line nr="148" mi="0" ci="1" mb="0" cb="0"/><line nr="150" mi="0" ci="1" mb="0" cb="0"/><line nr="159" mi="0" ci="5" mb="0" cb="0"/><line nr="161" mi="0" ci="6" mb="0" cb="0"/><line nr="162" mi="0" ci="9" mb="0" cb="0"/><line nr="163" mi="0" ci="2" mb="0" cb="0"/><line nr="164" mi="0" ci="9" mb="0" cb="0"/><line nr="165" mi="0" ci="8" mb="0" cb="0"/><line nr="166" mi="0" ci="3" mb="0" cb="0"/><line nr="168" mi="0" ci="6" mb="0" cb="0"/><line nr="169" mi="0" ci="1" mb="0" cb="0"/><line nr="170" mi="0" ci="13" mb="0" cb="0"/><line nr="171" mi="0" ci="1" mb="0" cb="0"/><line nr="174" mi="0" ci="7" mb="0" cb="0"/><line nr="175" mi="0" ci="16" mb="0" cb="0"/><line nr="176" mi="0" ci="1" mb="0" cb="0"/><line nr="177" mi="0" ci="1" mb="0" cb="0"/><line nr="180" mi="0" ci="2" mb="0" cb="0"/><line nr="181" mi="0" ci="2" mb="0" cb="0"/><line nr="182" mi="0" ci="11" mb="0" cb="0"/><line nr="186" mi="0" ci="2" mb="0" cb="0"/><line nr="187" mi="0" ci="2" mb="0" cb="0"/><line nr="188" mi="0" ci="11" mb="0" cb="0"/><line nr="192" mi="0" ci="9" mb="0" cb="0"/><line nr="193" mi="0" ci="5" mb="0" cb="0"/><counter type="INSTRUCTION" missed="19" covered="292"/><counter type="BRANCH" missed="4" covered="2"/><counter type="LINE" missed="5" covered="62"/><counter type="COMPLEXITY" missed="6" covered="18"/><counter type="METHOD" missed="3" covered="18"/><counter type="CLASS" missed="0" covered="2"/></sourcefile><counter type="INSTRUCTION" missed="187" covered="292"/><counter type="BRANCH" missed="16" covered="2"/><counter type="LINE" missed="38" covered="62"/><counter type="COMPLEXITY" missed="21" covered="18"/><counter type="METHOD" missed="12" covered="18"/><counter type="CLASS" missed="1" covered="2"/></package><package name="tourGuide/user"><class name="tourGuide/user/User" sourcefilename="User.java"><method name="&lt;init&gt;" desc="(Ljava/util/UUID;Ljava/lang/String;Ljava/lang/String;Ljava/lang/String;)V" line="17"><counter type="INSTRUCTION" missed="0" covered="35"/><counter type="LINE" missed="0" covered="10"/><counter type="COMPLEXITY" missed="0" covered="1"/><counter type="METHOD" missed="0" covered="1"/></method><method name="getUserId" desc="()Ljava/util/UUID;" line="29"><counter type="INSTRUCTION" missed="0" covered="3"/><counter type="LINE" missed="0" covered="1"/><counter type="COMPLEXITY" missed="0" covered="1"/><counter type="METHOD" missed="0" covered="1"/></method><method name="getUserName" desc="()Ljava/lang/String;" line="33"><counter type="INSTRUCTION" missed="0" covered="3"/><counter type="LINE" missed="0" covered="1"/><counter type="COMPLEXITY" missed="0" covered="1"/><counter type="METHOD" missed="0" covered="1"/></method><method name="setPhoneNumber" desc="(Ljava/lang/String;)V" line="37"><counter type="INSTRUCTION" missed="4" covered="0"/><counter type="LINE" missed="2" covered="0"/><counter type="COMPLEXITY" missed="1" covered="0"/><counter type="METHOD" missed="1" covered="0"/></method><method name="getPhoneNumber" desc="()Ljava/lang/String;" line="41"><counter type="INSTRUCTION" missed="3" covered="0"/><counter type="LINE" missed="1" covered="0"/><counter type="COMPLEXITY" missed="1" covered="0"/><counter type="METHOD" missed="1" covered="0"/></method><method name="setEmailAddress" desc="(Ljava/lang/String;)V" line="45"><counter type="INSTRUCTION" missed="4" covered="0"/><counter type="LINE" missed="2" covered="0"/><counter type="COMPLEXITY" missed="1" covered="0"/><counter type="METHOD" missed="1" covered="0"/></method><method name="getEmailAddress" desc="()Ljava/lang/String;" line="49"><counter type="INSTRUCTION" missed="3" covered="0"/><counter type="LINE" missed="1" covered="0"/><counter type="COMPLEXITY" missed="1" covered="0"/><counter type="METHOD" missed="1" covered="0"/></method><method name="setLatestLocationTimestamp" desc="(Ljava/util/Date;)V" line="53"><counter type="INSTRUCTION" missed="4" covered="0"/><counter type="LINE" missed="2" covered="0"/><counter type="COMPLEXITY" missed="1" covered="0"/><counter type="METHOD" missed="1" covered="0"/></method><method name="getLatestLocationTimestamp" desc="()Ljava/util/Date;" line="57"><counter type="INSTRUCTION" missed="3" covered="0"/><counter type="LINE" missed="1" covered="0"/><counter type="COMPLEXITY" missed="1" covered="0"/><counter type="METHOD" missed="1" covered="0"/></method><method name="addToVisitedLocations" desc="(LgpsUtil/location/VisitedLocation;)V" line="61"><counter type="INSTRUCTION" missed="0" covered="6"/><counter type="LINE" missed="0" covered="2"/><counter type="COMPLEXITY" missed="0" covered="1"/><counter type="METHOD" missed="0" covered="1"/></method><method name="getVisitedLocations" desc="()Ljava/util/List;" line="65"><counter type="INSTRUCTION" missed="0" covered="3"/><counter type="LINE" missed="0" covered="1"/><counter type="COMPLEXITY" missed="0" covered="1"/><counter type="METHOD" missed="0" covered="1"/></method><method name="clearVisitedLocations" desc="()V" line="69"><counter type="INSTRUCTION" missed="4" covered="0"/><counter type="LINE" missed="2" covered="0"/><counter type="COMPLEXITY" missed="1" covered="0"/><counter type="METHOD" missed="1" covered="0"/></method><method name="addUserReward" desc="(LtourGuide/user/UserReward;)V" line="75"><counter type="INSTRUCTION" missed="0" covered="6"/><counter type="LINE" missed="0" covered="2"/><counter type="COMPLEXITY" missed="0" covered="1"/><counter type="METHOD" missed="0" covered="1"/></method><method name="getUserRewards" desc="()Ljava/util/List;" line="80"><counter type="INSTRUCTION" missed="0" covered="3"/><counter type="LINE" missed="0" covered="1"/><counter type="COMPLEXITY" missed="0" covered="1"/><counter type="METHOD" missed="0" covered="1"/></method><method name="getUserPreferences" desc="()LtourGuide/user/UserPreferences;" line="84"><counter type="INSTRUCTION" missed="0" covered="3"/><counter type="LINE" missed="0" covered="1"/><counter type="COMPLEXITY" missed="0" covered="1"/><counter type="METHOD" missed="0" covered="1"/></method><method name="setUserPreferences" desc="(LtourGuide/user/UserPreferences;)V" line="88"><counter type="INSTRUCTION" missed="4" covered="0"/><counter type="LINE" missed="2" covered="0"/><counter type="COMPLEXITY" missed="1" covered="0"/><counter type="METHOD" missed="1" covered="0"/></method><method name="getLastVisitedLocation" desc="()LgpsUtil/location/VisitedLocation;" line="92"><counter type="INSTRUCTION" missed="0" covered="10"/><counter type="LINE" missed="0" covered="1"/><counter type="COMPLEXITY" missed="0" covered="1"/><counter type="METHOD" missed="0" covered="1"/></method><method name="setTripDeals" desc="(Ljava/util/List;)V" line="96"><counter type="INSTRUCTION" missed="0" covered="4"/><counter type="LINE" missed="0" covered="2"/><counter type="COMPLEXITY" missed="0" covered="1"/><counter type="METHOD" missed="0" covered="1"/></method><method name="getTripDeals" desc="()Ljava/util/List;" line="100"><counter type="INSTRUCTION" missed="3" covered="0"/><counter type="LINE" missed="1" covered="0"/><counter type="COMPLEXITY" missed="1" covered="0"/><counter type="METHOD" missed="1" covered="0"/></method><counter type="INSTRUCTION" missed="32" covered="76"/><counter type="LINE" missed="14" covered="22"/><counter type="COMPLEXITY" missed="9" covered="10"/><counter type="METHOD" missed="9" covered="10"/><counter type="CLASS" missed="0" covered="1"/></class><class name="tourGuide/user/UserPreferences" sourcefilename="UserPreferences.java"><method name="&lt;init&gt;" desc="()V" line="11"><counter type="INSTRUCTION" missed="0" covered="38"/><counter type="LINE" missed="0" covered="10"/><counter type="COMPLEXITY" missed="0" covered="1"/><counter type="METHOD" missed="0" covered="1"/></method><method name="setAttractionProximity" desc="(I)V" line="24"><counter type="INSTRUCTION" missed="4" covered="0"/><counter type="LINE" missed="2" covered="0"/><counter type="COMPLEXITY" missed="1" covered="0"/><counter type="METHOD" missed="1" covered="0"/></method><method name="getAttractionProximity" desc="()I" line="28"><counter type="INSTRUCTION" missed="3" covered="0"/><counter type="LINE" missed="1" covered="0"/><counter type="COMPLEXITY" missed="1" covered="0"/><counter type="METHOD" missed="1" covered="0"/></method><method name="getLowerPricePoint" desc="()Lorg/javamoney/moneta/Money;" line="32"><counter type="INSTRUCTION" missed="3" covered="0"/><counter type="LINE" missed="1" covered="0"/><counter type="COMPLEXITY" missed="1" covered="0"/><counter type="METHOD" missed="1" covered="0"/></method><method name="setLowerPricePoint" desc="(Lorg/javamoney/moneta/Money;)V" line="36"><counter type="INSTRUCTION" missed="4" covered="0"/><counter type="LINE" missed="2" covered="0"/><counter type="COMPLEXITY" missed="1" covered="0"/><counter type="METHOD" missed="1" covered="0"/></method><method name="getHighPricePoint" desc="()Lorg/javamoney/moneta/Money;" line="40"><counter type="INSTRUCTION" missed="3" covered="0"/><counter type="LINE" missed="1" covered="0"/><counter type="COMPLEXITY" missed="1" covered="0"/><counter type="METHOD" missed="1" covered="0"/></method><method name="setHighPricePoint" desc="(Lorg/javamoney/moneta/Money;)V" line="44"><counter type="INSTRUCTION" missed="4" covered="0"/><counter type="LINE" missed="2" covered="0"/><counter type="COMPLEXITY" missed="1" covered="0"/><counter type="METHOD" missed="1" covered="0"/></method><method name="getTripDuration" desc="()I" line="48"><counter type="INSTRUCTION" missed="0" covered="3"/><counter type="LINE" missed="0" covered="1"/><counter type="COMPLEXITY" missed="0" covered="1"/><counter type="METHOD" missed="0" covered="1"/></method><method name="setTripDuration" desc="(I)V" line="52"><counter type="INSTRUCTION" missed="4" covered="0"/><counter type="LINE" missed="2" covered="0"/><counter type="COMPLEXITY" missed="1" covered="0"/><counter type="METHOD" missed="1" covered="0"/></method><method name="getTicketQuantity" desc="()I" line="56"><counter type="INSTRUCTION" missed="3" covered="0"/><counter type="LINE" missed="1" covered="0"/><counter type="COMPLEXITY" missed="1" covered="0"/><counter type="METHOD" missed="1" covered="0"/></method><method name="setTicketQuantity" desc="(I)V" line="60"><counter type="INSTRUCTION" missed="4" covered="0"/><counter type="LINE" missed="2" covered="0"/><counter type="COMPLEXITY" missed="1" covered="0"/><counter type="METHOD" missed="1" covered="0"/></method><method name="getNumberOfAdults" desc="()I" line="64"><counter type="INSTRUCTION" missed="0" covered="3"/><counter type="LINE" missed="0" covered="1"/><counter type="COMPLEXITY" missed="0" covered="1"/><counter type="METHOD" missed="0" covered="1"/></method><method name="setNumberOfAdults" desc="(I)V" line="68"><counter type="INSTRUCTION" missed="4" covered="0"/><counter type="LINE" missed="2" covered="0"/><counter type="COMPLEXITY" missed="1" covered="0"/><counter type="METHOD" missed="1" covered="0"/></method><method name="getNumberOfChildren" desc="()I" line="72"><counter type="INSTRUCTION" missed="0" covered="3"/><counter type="LINE" missed="0" covered="1"/><counter type="COMPLEXITY" missed="0" covered="1"/><counter type="METHOD" missed="0" covered="1"/></method><method name="setNumberOfChildren" desc="(I)V" line="76"><counter type="INSTRUCTION" missed="4" covered="0"/><counter type="LINE" missed="2" covered="0"/><counter type="COMPLEXITY" missed="1" covered="0"/><counter type="METHOD" missed="1" covered="0"/></method><counter type="INSTRUCTION" missed="40" covered="47"/><counter type="LINE" missed="18" covered="13"/><counter type="COMPLEXITY" missed="11" covered="4"/><counter type="METHOD" missed="11" covered="4"/><counter type="CLASS" missed="0" covered="1"/></class><class name="tourGuide/user/UserReward" sourcefilename="UserReward.java"><method name="&lt;init&gt;" desc="(LgpsUtil/location/VisitedLocation;LgpsUtil/location/Attraction;I)V" line="11"><counter type="INSTRUCTION" missed="0" covered="12"/><counter type="LINE" missed="0" covered="5"/><counter type="COMPLEXITY" missed="0" covered="1"/><counter type="METHOD" missed="0" covered="1"/></method><method name="&lt;init&gt;" desc="(LgpsUtil/location/VisitedLocation;LgpsUtil/location/Attraction;)V" line="17"><counter type="INSTRUCTION" missed="9" covered="0"/><counter type="LINE" missed="4" covered="0"/><counter type="COMPLEXITY" missed="1" covered="0"/><counter type="METHOD" missed="1" covered="0"/></method><method name="setRewardPoints" desc="(I)V" line="23"><counter type="INSTRUCTION" missed="4" covered="0"/><counter type="LINE" missed="2" covered="0"/><counter type="COMPLEXITY" missed="1" covered="0"/><counter type="METHOD" missed="1" covered="0"/></method><method name="getRewardPoints" desc="()I" line="27"><counter type="INSTRUCTION" missed="3" covered="0"/><counter type="LINE" missed="1" covered="0"/><counter type="COMPLEXITY" missed="1" covered="0"/><counter type="METHOD" missed="1" covered="0"/></method><counter type="INSTRUCTION" missed="16" covered="12"/><counter type="LINE" missed="7" covered="5"/><counter type="COMPLEXITY" missed="3" covered="1"/><counter type="METHOD" missed="3" covered="1"/><counter type="CLASS" missed="0" covered="1"/></class><sourcefile name="UserPreferences.java"><line nr="11" mi="0" ci="3" mb="0" cb="0"/><line nr="12" mi="0" ci="6" mb="0" cb="0"/><line nr="13" mi="0" ci="7" mb="0" cb="0"/><line nr="14" mi="0" ci="7" mb="0" cb="0"/><line nr="15" mi="0" ci="3" mb="0" cb="0"/><line nr="16" mi="0" ci="3" mb="0" cb="0"/><line nr="17" mi="0" ci="3" mb="0" cb="0"/><line nr="18" mi="0" ci="3" mb="0" cb="0"/><line nr="20" mi="0" ci="2" mb="0" cb="0"/><line nr="21" mi="0" ci="1" mb="0" cb="0"/><line nr="24" mi="3" ci="0" mb="0" cb="0"/><line nr="25" mi="1" ci="0" mb="0" cb="0"/><line nr="28" mi="3" ci="0" mb="0" cb="0"/><line nr="32" mi="3" ci="0" mb="0" cb="0"/><line nr="36" mi="3" ci="0" mb="0" cb="0"/><line nr="37" mi="1" ci="0" mb="0" cb="0"/><line nr="40" mi="3" ci="0" mb="0" cb="0"/><line nr="44" mi="3" ci="0" mb="0" cb="0"/><line nr="45" mi="1" ci="0" mb="0" cb="0"/><line nr="48" mi="0" ci="3" mb="0" cb="0"/><line nr="52" mi="3" ci="0" mb="0" cb="0"/><line nr="53" mi="1" ci="0" mb="0" cb="0"/><line nr="56" mi="3" ci="0" mb="0" cb="0"/><line nr="60" mi="3" ci="0" mb="0" cb="0"/><line nr="61" mi="1" ci="0" mb="0" cb="0"/><line nr="64" mi="0" ci="3" mb="0" cb="0"/><line nr="68" mi="3" ci="0" mb="0" cb="0"/><line nr="69" mi="1" ci="0" mb="0" cb="0"/><line nr="72" mi="0" ci="3" mb="0" cb="0"/><line nr="76" mi="3" ci="0" mb="0" cb="0"/><line nr="77" mi="1" ci="0" mb="0" cb="0"/><counter type="INSTRUCTION" missed="40" covered="47"/><counter type="LINE" missed="18" covered="13"/><counter type="COMPLEXITY" missed="11" covered="4"/><counter type="METHOD" missed="11" covered="4"/><counter type="CLASS" missed="0" covered="1"/></sourcefile><sourcefile name="UserReward.java"><line nr="11" mi="0" ci="2" mb="0" cb="0"/><line nr="12" mi="0" ci="3" mb="0" cb="0"/><line nr="13" mi="0" ci="3" mb="0" cb="0"/><line nr="14" mi="0" ci="3" mb="0" cb="0"/><line nr="15" mi="0" ci="1" mb="0" cb="0"/><line nr="17" mi="2" ci="0" mb="0" cb="0"/><line nr="18" mi="3" ci="0" mb="0" cb="0"/><line nr="19" mi="3" ci="0" mb="0" cb="0"/><line nr="20" mi="1" ci="0" mb="0" cb="0"/><line nr="23" mi="3" ci="0" mb="0" cb="0"/><line nr="24" mi="1" ci="0" mb="0" cb="0"/><line nr="27" mi="3" ci="0" mb="0" cb="0"/><counter type="INSTRUCTION" missed="16" covered="12"/><counter type="LINE" missed="7" covered="5"/><counter type="COMPLEXITY" missed="3" covered="1"/><counter type="METHOD" missed="3" covered="1"/><counter type="CLASS" missed="0" covered="1"/></sourcefile><sourcefile name="User.java"><line nr="17" mi="0" ci="5" mb="0" cb="0"/><line nr="18" mi="0" ci="5" mb="0" cb="0"/><line nr="19" mi="0" ci="5" mb="0" cb="0"/><line nr="20" mi="0" ci="5" mb="0" cb="0"/><line nr="21" mi="0" ci="2" mb="0" cb="0"/><line nr="22" mi="0" ci="3" mb="0" cb="0"/><line nr="23" mi="0" ci="3" mb="0" cb="0"/><line nr="24" mi="0" ci="3" mb="0" cb="0"/><line nr="25" mi="0" ci="3" mb="0" cb="0"/><line nr="26" mi="0" ci="1" mb="0" cb="0"/><line nr="29" mi="0" ci="3" mb="0" cb="0"/><line nr="33" mi="0" ci="3" mb="0" cb="0"/><line nr="37" mi="3" ci="0" mb="0" cb="0"/><line nr="38" mi="1" ci="0" mb="0" cb="0"/><line nr="41" mi="3" ci="0" mb="0" cb="0"/><line nr="45" mi="3" ci="0" mb="0" cb="0"/><line nr="46" mi="1" ci="0" mb="0" cb="0"/><line nr="49" mi="3" ci="0" mb="0" cb="0"/><line nr="53" mi="3" ci="0" mb="0" cb="0"/><line nr="54" mi="1" ci="0" mb="0" cb="0"/><line nr="57" mi="3" ci="0" mb="0" cb="0"/><line nr="61" mi="0" ci="5" mb="0" cb="0"/><line nr="62" mi="0" ci="1" mb="0" cb="0"/><line nr="65" mi="0" ci="3" mb="0" cb="0"/><line nr="69" mi="3" ci="0" mb="0" cb="0"/><line nr="70" mi="1" ci="0" mb="0" cb="0"/><line nr="75" mi="0" ci="5" mb="0" cb="0"/><line nr="76" mi="0" ci="1" mb="0" cb="0"/><line nr="80" mi="0" ci="3" mb="0" cb="0"/><line nr="84" mi="0" ci="3" mb="0" cb="0"/><line nr="88" mi="3" ci="0" mb="0" cb="0"/><line nr="89" mi="1" ci="0" mb="0" cb="0"/><line nr="92" mi="0" ci="10" mb="0" cb="0"/><line nr="96" mi="0" ci="3" mb="0" cb="0"/><line nr="97" mi="0" ci="1" mb="0" cb="0"/><line nr="100" mi="3" ci="0" mb="0" cb="0"/><counter type="INSTRUCTION" missed="32" covered="76"/><counter type="LINE" missed="14" covered="22"/><counter type="COMPLEXITY" missed="9" covered="10"/><counter type="METHOD" missed="9" covered="10"/><counter type="CLASS" missed="0" covered="1"/></sourcefile><counter type="INSTRUCTION" missed="88" covered="135"/><counter type="LINE" missed="39" covered="40"/><counter type="COMPLEXITY" missed="23" covered="15"/><counter type="METHOD" missed="23" covered="15"/><counter type="CLASS" missed="0" covered="3"/></package><counter type="INSTRUCTION" missed="342" covered="566"/><counter type="BRANCH" missed="17" covered="5"/><counter type="LINE" missed="94" covered="138"/><counter type="COMPLEXITY" missed="54" covered="48"/><counter type="METHOD" missed="44" covered="47"/><counter type="CLASS" missed="1" covered="10"/></report>