<?xml version="1.0" encoding="UTF-8" standalone="yes"?><!DOCTYPE report PUBLIC "-//JACOCO//DTD Report 1.1//EN" "report.dtd"><report name="TourGuide"><sessioninfo id="DESKTOP-GS8JAMI-7a7b17e8" start="1675430182860" dump="1675430184053"/><sessioninfo id="DESKTOP-GS8JAMI-dd3009b7" start="1675430592828" dump="1675430593611"/><sessioninfo id="DESKTOP-GS8JAMI-14d2834f" start="1675430671588" dump="1675430672942"/><sessioninfo id="DESKTOP-GS8JAMI-b0097fc6" start="1675432598453" dump="1675432599848"/><sessioninfo id="DESKTOP-GS8JAMI-11a05566" start="1675875163994" dump="1675875166277"/><sessioninfo id="DESKTOP-GS8JAMI-7091e33" start="1675875200230" dump="1675875210546"/><sessioninfo id="DESKTOP-GS8JAMI-41fda308" start="1675875771412" dump="1675875781420"/><sessioninfo id="DESKTOP-GS8JAMI-8bb392da" start="1675950452462" dump="1675950454252"/><sessioninfo id="DESKTOP-GS8JAMI-4a4a0de1" start="1676831791828" dump="1676831801101"/><sessioninfo id="DESKTOP-GS8JAMI-c20e1e89" start="1676832144719" dump="1676832153384"/><sessioninfo id="DESKTOP-GS8JAMI-666c39cb" start="1676832170105" dump="1676832171736"/><sessioninfo id="DESKTOP-GS8JAMI-97ad6a8e" start="1676832183938" dump="1676833101033"/><sessioninfo id="DESKTOP-GS8JAMI-5ae6daaa" start="1676888438151" dump="1676888439426"/><sessioninfo id="DESKTOP-GS8JAMI-2d720715" start="1676888473290" dump="1676888505599"/><sessioninfo id="DESKTOP-GS8JAMI-69406945" start="1676888971479" dump="1676888972310"/><sessioninfo id="DESKTOP-GS8JAMI-bfaa248f" start="1676889996432" dump="1676890011662"/><sessioninfo id="DESKTOP-GS8JAMI-f3ac72d7" start="1677494069498" dump="1677494083810"/><sessioninfo id="DESKTOP-GS8JAMI-6944a0df" start="1677497677009" dump="1677497694197"/><sessioninfo id="DESKTOP-GS8JAMI-914d0a19" start="1677497790148" dump="1677497792134"/><sessioninfo id="DESKTOP-GS8JAMI-d424f471" start="1677497857849" dump="1677497871631"/><sessioninfo id="DESKTOP-GS8JAMI-99edeadb" start="1677497935662" dump="1677497937040"/><sessioninfo id="DESKTOP-GS8JAMI-82f5e8f1" start="1677498105854" dump="1677498107136"/><sessioninfo id="DESKTOP-GS8JAMI-203f9841" start="1677503879290" dump="1677503880125"/><sessioninfo id="DESKTOP-GS8JAMI-631c9f19" start="1677503898528" dump="1677503899332"/><sessioninfo id="DESKTOP-GS8JAMI-2e80890f" start="1677514251750" dump="1677514265257"/><sessioninfo id="DESKTOP-GS8JAMI-e7797ea" start="1677514268840" dump="1677514270465"/><sessioninfo id="DESKTOP-GS8JAMI-5d7b1a6a" start="1677514572132" dump="1677514573007"/><sessioninfo id="DESKTOP-GS8JAMI-33459f2c" start="1677514605179" dump="1677514620769"/><sessioninfo id="DESKTOP-GS8JAMI-58171613" start="1677519102911" dump="1677519103908"/><sessioninfo id="DESKTOP-GS8JAMI-cd63fb7f" start="1677520085005" dump="1677520086387"/><sessioninfo id="DESKTOP-GS8JAMI-ed9f669" start="1677520906101" dump="1677520907080"/><sessioninfo id="DESKTOP-GS8JAMI-8baf8ab5" start="1677520933302" dump="1677520934258"/><sessioninfo id="DESKTOP-GS8JAMI-c2a38948" start="1677521135704" dump="1677521138361"/><sessioninfo id="DESKTOP-GS8JAMI-a3267ff8" start="1677521162896" dump="1677521165427"/><sessioninfo id="DESKTOP-GS8JAMI-ccf86933" start="1677521255736" dump="1677521258191"/><sessioninfo id="DESKTOP-GS8JAMI-9ca90c54" start="1677521834848" dump="1677521837032"/><sessioninfo id="DESKTOP-GS8JAMI-74852a04" start="1677522043385" dump="1677522044784"/><sessioninfo id="DESKTOP-GS8JAMI-adb769e2" start="1677522220770" dump="1677522222140"/><sessioninfo id="DESKTOP-GS8JAMI-a8d020f1" start="1677522374387" dump="1677522375358"/><sessioninfo id="DESKTOP-GS8JAMI-7f4fc8c2" start="1677522454132" dump="1677522455094"/><sessioninfo id="DESKTOP-GS8JAMI-30272b21" start="1677522550723" dump="1677522551747"/><sessioninfo id="DESKTOP-GS8JAMI-36f1bee" start="1677522573323" dump="1677522691827"/><sessioninfo id="DESKTOP-GS8JAMI-c7bcc4f6" start="1677522846090" dump="1677522903735"/><sessioninfo id="DESKTOP-GS8JAMI-66d77e1d" start="1677523048212" dump="1677523049209"/><sessioninfo id="DESKTOP-GS8JAMI-bae0eb49" start="1677523086008" dump="1677523087133"/><sessioninfo id="DESKTOP-GS8JAMI-a511d058" start="1677523158165" dump="1677523159109"/><sessioninfo id="DESKTOP-GS8JAMI-1d6bc2e8" start="1677523195941" dump="1677523196886"/><sessioninfo id="DESKTOP-GS8JAMI-92e62904" start="1677523222699" dump="1677523223680"/><sessioninfo id="DESKTOP-GS8JAMI-8f6528ba" start="1677523283850" dump="1677523284870"/><sessioninfo id="DESKTOP-GS8JAMI-39af3a03" start="1677523294018" dump="1677523295004"/><sessioninfo id="DESKTOP-GS8JAMI-2f7a577c" start="1677574343669" dump="1677574344834"/><sessioninfo id="DESKTOP-GS8JAMI-59ca93c1" start="1677574687226" dump="1677574729221"/><sessioninfo id="DESKTOP-GS8JAMI-538353c2" start="1677574733686" dump="1677574775865"/><sessioninfo id="DESKTOP-GS8JAMI-930c085b" start="1677574794239" dump="1677574795267"/><sessioninfo id="DESKTOP-GS8JAMI-ad245d5b" start="1677574905693" dump="1677574906761"/><sessioninfo id="DESKTOP-GS8JAMI-5841edd2" start="1677574927483" dump="1677575104361"/><sessioninfo id="DESKTOP-GS8JAMI-6d1a4c7f" start="1677575522766" dump="1677575590914"/><sessioninfo id="DESKTOP-GS8JAMI-7bc305b6" start="1677575951891" dump="1677575965098"/><sessioninfo id="DESKTOP-GS8JAMI-1ef27b88" start="1677575984318" dump="1677575996137"/><sessioninfo id="DESKTOP-GS8JAMI-46c056eb" start="1677577690607" dump="1677577703496"/><sessioninfo id="DESKTOP-GS8JAMI-b912d50e" start="1677577872070" dump="1677577887424"/><sessioninfo id="DESKTOP-GS8JAMI-64a4357d" start="1677577985268" dump="1677577986397"/><sessioninfo id="DESKTOP-GS8JAMI-5e3ce9cf" start="1677578053739" dump="1677578054741"/><sessioninfo id="DESKTOP-GS8JAMI-fb846c9c" start="1677578109413" dump="1677578110402"/><sessioninfo id="DESKTOP-GS8JAMI-f3332fe2" start="1677578124607" dump="1677578216252"/><sessioninfo id="DESKTOP-GS8JAMI-5692e54f" start="1677578228802" dump="1677578229875"/><sessioninfo id="DESKTOP-GS8JAMI-aaef00b1" start="1677578253052" dump="1677578254124"/><sessioninfo id="DESKTOP-GS8JAMI-d3b86694" start="1677578279965" dump="1677578281027"/><sessioninfo id="DESKTOP-GS8JAMI-41fa8867" start="1677578406444" dump="1677578407662"/><sessioninfo id="DESKTOP-GS8JAMI-d5e66ede" start="1677579631026" dump="1677579632259"/><sessioninfo id="DESKTOP-GS8JAMI-87f3f2b2" start="1677579642115" dump="1677579643250"/><sessioninfo id="DESKTOP-GS8JAMI-e5b4c74e" start="1677579678762" dump="1677579680058"/><sessioninfo id="DESKTOP-GS8JAMI-8620d168" start="1677579839133" dump="1677579840233"/><sessioninfo id="DESKTOP-GS8JAMI-a5bf75ed" start="1677601091927" dump="1677601092926"/><sessioninfo id="DESKTOP-GS8JAMI-184a04a7" start="1677601265779" dump="1677601266821"/><sessioninfo id="DESKTOP-GS8JAMI-38857825" start="1677601365472" dump="1677601366505"/><sessioninfo id="DESKTOP-GS8JAMI-6a866565" start="1677601559464" dump="1677601560735"/><sessioninfo id="DESKTOP-GS8JAMI-3d5e4122" start="1677602242880" dump="1677602243963"/><sessioninfo id="DESKTOP-GS8JAMI-90bc1ce5" start="1677602677216" dump="1677602693504"/><sessioninfo id="DESKTOP-GS8JAMI-ed961ce9" start="1677602695544" dump="1677602710927"/><sessioninfo id="DESKTOP-GS8JAMI-9d8df6fd" start="1677602721544" dump="1677602722789"/><sessioninfo id="DESKTOP-GS8JAMI-239b0c9e" start="1677602747823" dump="1677602749017"/><sessioninfo id="DESKTOP-GS8JAMI-aae9a0fe" start="1677602758781" dump="1677602772424"/><sessioninfo id="DESKTOP-GS8JAMI-8a8a6632" start="1677603188038" dump="1677603202798"/><sessioninfo id="DESKTOP-GS8JAMI-3bc6bf42" start="1677603232878" dump="1677603246360"/><sessioninfo id="DESKTOP-GS8JAMI-f392dd4d" start="1677608119761" dump="1677608129086"/><sessioninfo id="DESKTOP-GS8JAMI-48c753b" start="1677608394251" dump="1677608395349"/><sessioninfo id="DESKTOP-GS8JAMI-e73d3b0f" start="1677608598239" dump="1677608599320"/><sessioninfo id="DESKTOP-GS8JAMI-c311070f" start="1677655674045" dump="1677655691891"/><sessioninfo id="DESKTOP-GS8JAMI-25595054" start="1677655716831" dump="1677655718057"/><sessioninfo id="DESKTOP-GS8JAMI-310632f2" start="1677658127070" dump="1677658128229"/><sessioninfo id="DESKTOP-GS8JAMI-322a33b7" start="1677658947272" dump="1677658948407"/><sessioninfo id="DESKTOP-GS8JAMI-84f661e8" start="1677658991210" dump="1677658992336"/><sessioninfo id="DESKTOP-GS8JAMI-1b9066cc" start="1677659287755" dump="1677659288829"/><sessioninfo id="DESKTOP-GS8JAMI-12e4dbfb" start="1677659385856" dump="1677659401359"/><sessioninfo id="DESKTOP-GS8JAMI-3f6ac4f" start="1677666885102" dump="1677666886166"/><sessioninfo id="DESKTOP-GS8JAMI-8bd2adaa" start="1677667128642" dump="1677667129744"/><sessioninfo id="DESKTOP-GS8JAMI-9f23a132" start="1677667213843" dump="1677667214878"/><sessioninfo id="DESKTOP-GS8JAMI-7e1bfff9" start="1677667235169" dump="1677667236249"/><sessioninfo id="DESKTOP-GS8JAMI-77ea977d" start="1677667297789" dump="1677667298796"/><sessioninfo id="DESKTOP-GS8JAMI-2b204971" start="1677667524430" dump="1677667529183"/><sessioninfo id="DESKTOP-GS8JAMI-8ba0aeec" start="1677668402866" dump="1677668403943"/><sessioninfo id="DESKTOP-GS8JAMI-1ac351b6" start="1677668490392" dump="1677668491444"/><sessioninfo id="DESKTOP-GS8JAMI-2ba9b183" start="1677691319160" dump="1677691320230"/><sessioninfo id="DESKTOP-GS8JAMI-5e23f0b4" start="1677691855579" dump="1677691856659"/><sessioninfo id="DESKTOP-GS8JAMI-a1fd57b4" start="1677692705642" dump="1677692706685"/><sessioninfo id="DESKTOP-GS8JAMI-6882375a" start="1677692711948" dump="1677692713052"/><sessioninfo id="DESKTOP-GS8JAMI-5d9b6b03" start="1677692902666" dump="1677692903696"/><sessioninfo id="DESKTOP-GS8JAMI-cbd8dee7" start="1677693256422" dump="1677693257488"/><sessioninfo id="DESKTOP-GS8JAMI-58b3fd04" start="1677694022009" dump="1677694023086"/><sessioninfo id="DESKTOP-GS8JAMI-fd2c9363" start="1677694553684" dump="1677694554726"/><sessioninfo id="DESKTOP-GS8JAMI-35647a49" start="1677694597514" dump="1677694847892"/><sessioninfo id="DESKTOP-GS8JAMI-55541bb9" start="1677694960472" dump="1677694961523"/><sessioninfo id="DESKTOP-GS8JAMI-939f1429" start="1677695538334" dump="1677695539460"/><sessioninfo id="DESKTOP-GS8JAMI-73bbbaae" start="1677695658581" dump="1677695659667"/><sessioninfo id="DESKTOP-GS8JAMI-4c83d1d8" start="1677695792375" dump="1677695793463"/><sessioninfo id="DESKTOP-GS8JAMI-f156b337" start="1677747326405" dump="1677747327464"/><sessioninfo id="DESKTOP-GS8JAMI-42e19f10" start="1677747418344" dump="1677747419397"/><sessioninfo id="DESKTOP-GS8JAMI-859e3386" start="1677747754953" dump="1677747756009"/><sessioninfo id="DESKTOP-GS8JAMI-c35b3c10" start="1677747810533" dump="1677747811581"/><sessioninfo id="DESKTOP-GS8JAMI-ac1a3441" start="1677747931296" dump="1677747932394"/><sessioninfo id="DESKTOP-GS8JAMI-a7248ed4" start="1677747958618" dump="1677747959671"/><sessioninfo id="DESKTOP-GS8JAMI-7390b3ec" start="1677748024546" dump="1677748025627"/><sessioninfo id="DESKTOP-GS8JAMI-40f252ec" start="1677748148399" dump="1677748149404"/><sessioninfo id="DESKTOP-GS8JAMI-f008ae7b" start="1677748157349" dump="1677748158454"/><sessioninfo id="DESKTOP-GS8JAMI-c780b6ea" start="1677749395923" dump="1677749396949"/><sessioninfo id="DESKTOP-GS8JAMI-a0581e53" start="1677749413388" dump="1677749414515"/><sessioninfo id="DESKTOP-GS8JAMI-ec3a492e" start="1677749616882" dump="1677749617921"/><sessioninfo id="DESKTOP-GS8JAMI-a6c07f5" start="1677749866873" dump="1677749867946"/><sessioninfo id="DESKTOP-GS8JAMI-25818639" start="1677750072985" dump="1677750074049"/><sessioninfo id="DESKTOP-GS8JAMI-9169eb40" start="1677750096288" dump="1677750097341"/><sessioninfo id="DESKTOP-GS8JAMI-79c2fe1f" start="1677750213185" dump="1677750214270"/><sessioninfo id="DESKTOP-GS8JAMI-695d2c13" start="1677751540354" dump="1677751541368"/><sessioninfo id="DESKTOP-GS8JAMI-2281b01a" start="1677751571159" dump="1677751572207"/><sessioninfo id="DESKTOP-GS8JAMI-8eebdb8e" start="1677751632663" dump="1677751633726"/><sessioninfo id="DESKTOP-GS8JAMI-65f42e2c" start="1677751660909" dump="1677751661953"/><sessioninfo id="DESKTOP-GS8JAMI-93b27b7" start="1677751699636" dump="1677751700662"/><sessioninfo id="DESKTOP-GS8JAMI-871a9d76" start="1677751751836" dump="1677751752954"/><sessioninfo id="DESKTOP-GS8JAMI-36879ee3" start="1677751754406" dump="1677751755436"/><sessioninfo id="DESKTOP-GS8JAMI-68d6c1c8" start="1677751764365" dump="1677751765454"/><sessioninfo id="DESKTOP-GS8JAMI-2fe05489" start="1677751816662" dump="1677751817656"/><sessioninfo id="DESKTOP-GS8JAMI-fc52424d" start="1677751912130" dump="1677751913194"/><sessioninfo id="DESKTOP-GS8JAMI-ac6da15a" start="1677751937088" dump="1677751938151"/><sessioninfo id="DESKTOP-GS8JAMI-4f0dc9f" start="1677751962432" dump="1677751963450"/><sessioninfo id="DESKTOP-GS8JAMI-e8864979" start="1677751977127" dump="1677751978326"/><sessioninfo id="DESKTOP-GS8JAMI-ed790395" start="1677752000228" dump="1677752001019"/><sessioninfo id="DESKTOP-GS8JAMI-fb261419" start="1677752003741" dump="1677752004566"/><sessioninfo id="DESKTOP-GS8JAMI-1e32f23" start="1677752128112" dump="1677752141409"/><sessioninfo id="DESKTOP-GS8JAMI-b255a96b" start="1677752566983" dump="1677752580929"/><sessioninfo id="DESKTOP-GS8JAMI-f2456b5c" start="1677754514286" dump="1677754515710"/><sessioninfo id="DESKTOP-GS8JAMI-bf3f5945" start="1677754716425" dump="1677754717791"/><sessioninfo id="DESKTOP-GS8JAMI-37ed22df" start="1677754794919" dump="1677754796252"/><sessioninfo id="DESKTOP-GS8JAMI-7664ba0f" start="1677754950425" dump="1677754951806"/><sessioninfo id="DESKTOP-GS8JAMI-1b6e809f" start="1677755057461" dump="1677755058803"/><sessioninfo id="DESKTOP-GS8JAMI-cc24ce28" start="1677755269541" dump="1677755270883"/><sessioninfo id="DESKTOP-GS8JAMI-3effbd4e" start="1677755340450" dump="1677755341772"/><sessioninfo id="DESKTOP-GS8JAMI-9b8ea4bf" start="1677755375238" dump="1677755376609"/><sessioninfo id="DESKTOP-GS8JAMI-7b23299d" start="1677755443009" dump="1677755444430"/><sessioninfo id="DESKTOP-GS8JAMI-402370f2" start="1677755568815" dump="1677755570156"/><sessioninfo id="DESKTOP-GS8JAMI-e0166220" start="1677755608241" dump="1677755609607"/><sessioninfo id="DESKTOP-GS8JAMI-33c91fde" start="1677755690140" dump="1677755691942"/><sessioninfo id="DESKTOP-GS8JAMI-b98af51" start="1677755779202" dump="1677755780989"/><sessioninfo id="DESKTOP-GS8JAMI-2f7f6aa5" start="1677755790613" dump="1677755792366"/><sessioninfo id="DESKTOP-GS8JAMI-11ea2922" start="1677755996715" dump="1677755998437"/><sessioninfo id="DESKTOP-GS8JAMI-7e82fdf5" start="1677756137908" dump="1677756139275"/><sessioninfo id="DESKTOP-GS8JAMI-a4d024ec" start="1677756178897" dump="1677756180669"/><sessioninfo id="DESKTOP-GS8JAMI-2ab7d272" start="1677756594327" dump="1677756596081"/><sessioninfo id="DESKTOP-GS8JAMI-5e57a1a" start="1677756858845" dump="1677756879248"/><sessioninfo id="DESKTOP-GS8JAMI-a4e82d18" start="1677757122655" dump="1677757124396"/><sessioninfo id="DESKTOP-GS8JAMI-7e9afe78" start="1677757311904" dump="1677757313767"/><sessioninfo id="DESKTOP-GS8JAMI-4e8aa0f8" start="1677757847962" dump="1677757849673"/><sessioninfo id="DESKTOP-GS8JAMI-641d3c88" start="1677766646468" dump="1677766648255"/><sessioninfo id="DESKTOP-GS8JAMI-e2a8baa3" start="1677766655604" dump="1677766656910"/><sessioninfo id="DESKTOP-GS8JAMI-5c5ddafb" start="1678109599681" dump="1678109601209"/><sessioninfo id="DESKTOP-GS8JAMI-f1194cee" start="1678109699061" dump="1678109719324"/><sessioninfo id="DESKTOP-GS8JAMI-d2424959" start="1678175840954" dump="1678175867532"/><sessioninfo id="DESKTOP-GS8JAMI-f74ed611" start="1678175880073" dump="1678175892547"/><sessioninfo id="DESKTOP-GS8JAMI-101c2822" start="1678175902632" dump="1678175903445"/><sessioninfo id="DESKTOP-GS8JAMI-1ea049ca" start="1678175907721" dump="1678175908532"/><sessioninfo id="DESKTOP-GS8JAMI-c82d7c83" start="1678175915759" dump="1678175944139"/><sessioninfo id="DESKTOP-GS8JAMI-547aba61" start="1678175969061" dump="1678175996428"/><sessioninfo id="DESKTOP-GS8JAMI-dbdc10a3" start="1678176151010" dump="1678176152491"/><sessioninfo id="DESKTOP-GS8JAMI-b79bc359" start="1678176157502" dump="1678176158453"/><sessioninfo id="DESKTOP-GS8JAMI-dc6ac13" start="1678176162267" dump="1678176163195"/><sessioninfo id="DESKTOP-GS8JAMI-fbce6694" start="1678176167257" dump="1678176169130"/><sessioninfo id="DESKTOP-GS8JAMI-12202b5b" start="1678176175705" dump="1678176176692"/><sessioninfo id="DESKTOP-GS8JAMI-7ed144ff" start="1678176425461" dump="1678176772370"/><sessioninfo id="DESKTOP-GS8JAMI-74d6a794" start="1678185316123" dump="1678185317620"/><sessioninfo id="DESKTOP-GS8JAMI-344b31b3" start="1678186382862" dump="1678186395113"/><sessioninfo id="DESKTOP-GS8JAMI-bef03464" start="1678186493493" dump="1678186508601"/><sessioninfo id="DESKTOP-GS8JAMI-f8a66f54" start="1678285125974" dump="1678285127005"/><sessioninfo id="DESKTOP-GS8JAMI-b61013ee" start="1678285217551" dump="1678285218528"/><sessioninfo id="DESKTOP-GS8JAMI-b29cb98d" start="1678285515631" dump="1678285516624"/><sessioninfo id="DESKTOP-GS8JAMI-d99c92b5" start="1678286346669" dump="1678286361281"/><sessioninfo id="DESKTOP-GS8JAMI-6986a902" start="1678287105705" dump="1678287116383"/><sessioninfo id="DESKTOP-GS8JAMI-31950232" start="1678287295177" dump="1678287308445"/><sessioninfo id="DESKTOP-GS8JAMI-b8dc92d8" start="1678287434663" dump="1678287446247"/><sessioninfo id="DESKTOP-GS8JAMI-d78cf2e6" start="1678645508708" dump="1678645510028"/><sessioninfo id="DESKTOP-GS8JAMI-1c56b8a9" start="1678645530328" dump="1678645546333"/><sessioninfo id="DESKTOP-GS8JAMI-47d1d5f1" start="1678645588517" dump="1678645600635"/><sessioninfo id="DESKTOP-GS8JAMI-111c4877" start="1678646617933" dump="1678646619444"/><sessioninfo id="DESKTOP-GS8JAMI-cdcb7f2f" start="1678696077919" dump="1678696272406"/><sessioninfo id="DESKTOP-GS8JAMI-ac9f8881" start="1678699429973" dump="1678699445686"/><sessioninfo id="DESKTOP-GS8JAMI-9c1a8845" start="1678902090952" dump="1678904391250"/><sessioninfo id="DESKTOP-GS8JAMI-95d85fb9" start="1678906102999" dump="1678906227699"/><sessioninfo id="DESKTOP-GS8JAMI-200db384" start="1678906643635" dump="1678906655106"/><sessioninfo id="DESKTOP-GS8JAMI-9f9aa497" start="1678907946648" dump="1678908059425"/><sessioninfo id="DESKTOP-GS8JAMI-62ca0951" start="1678908186920" dump="1678908201416"/><sessioninfo id="DESKTOP-GS8JAMI-d861707" start="1678908224235" dump="1678908236901"/><sessioninfo id="DESKTOP-GS8JAMI-944005b" start="1678909541207" dump="1678909542209"/><sessioninfo id="DESKTOP-GS8JAMI-61c8b961" start="1678909586261" dump="1678909596825"/><sessioninfo id="DESKTOP-GS8JAMI-d234a2dd" start="1678970316261" dump="1678970317291"/><sessioninfo id="DESKTOP-GS8JAMI-588a8a60" start="1678970530830" dump="1678970854757"/><sessioninfo id="DESKTOP-GS8JAMI-8e25d50d" start="1678970915774" dump="1678970927483"/><sessioninfo id="DESKTOP-GS8JAMI-24791033" start="1678973061433" dump="1678973078175"/><sessioninfo id="DESKTOP-GS8JAMI-da7d0c08" start="1678973691911" dump="1678973705619"/><sessioninfo id="DESKTOP-GS8JAMI-cb0f4cda" start="1678973826009" dump="1678973827990"/><sessioninfo id="DESKTOP-GS8JAMI-73fac78d" start="1678982289355" dump="1678982302778"/><sessioninfo id="DESKTOP-GS8JAMI-f2796e11" start="1678982333871" dump="1678982334906"/><sessioninfo id="DESKTOP-GS8JAMI-608aa7cb" start="1678982849135" dump="1678982850138"/><sessioninfo id="DESKTOP-GS8JAMI-6d327400" start="1678982906971" dump="1678983016033"/><sessioninfo id="DESKTOP-GS8JAMI-edbdce17" start="1678983261238" dump="1678983262265"/><sessioninfo id="DESKTOP-GS8JAMI-8f50ad22" start="1678983572889" dump="1678983574138"/><sessioninfo id="DESKTOP-GS8JAMI-64fffe55" start="1678983654472" dump="1678983656024"/><sessioninfo id="DESKTOP-GS8JAMI-2fab1b2f" start="1678983749605" dump="1678983750712"/><sessioninfo id="DESKTOP-GS8JAMI-48d0fda3" start="1678983797343" dump="1678983798677"/><sessioninfo id="DESKTOP-GS8JAMI-e433720e" start="1678983908628" dump="1678983909663"/><sessioninfo id="DESKTOP-GS8JAMI-2cd710e4" start="1678984030578" dump="1678984031621"/><sessioninfo id="DESKTOP-GS8JAMI-71d2af23" start="1678984120701" dump="1678984121747"/><sessioninfo id="DESKTOP-GS8JAMI-dbd3aae7" start="1678984409095" dump="1678984410120"/><sessioninfo id="DESKTOP-GS8JAMI-396f8671" start="1678984505676" dump="1678984506713"/><sessioninfo id="DESKTOP-GS8JAMI-249789f2" start="1678984581905" dump="1678984594727"/><sessioninfo id="DESKTOP-GS8JAMI-5e10deba" start="1678984927335" dump="1678984928355"/><sessioninfo id="DESKTOP-GS8JAMI-b2af73cb" start="1678985140547" dump="1678985152045"/><sessioninfo id="DESKTOP-GS8JAMI-c1500b52" start="1678985183023" dump="1678985226514"/><sessioninfo id="DESKTOP-GS8JAMI-45d7e1e8" start="1678985320594" dump="1678985322231"/><sessioninfo id="DESKTOP-GS8JAMI-7f004700" start="1678985407199" dump="1678985449749"/><sessioninfo id="DESKTOP-GS8JAMI-ac24bca" start="1678986804106" dump="1678986818422"/><sessioninfo id="DESKTOP-GS8JAMI-79d5b07a" start="1678987290618" dump="1678987291637"/><sessioninfo id="DESKTOP-GS8JAMI-cb13a574" start="1678987305277" dump="1678987306287"/><sessioninfo id="DESKTOP-GS8JAMI-39c9710c" start="1678987321780" dump="1678987337315"/><sessioninfo id="DESKTOP-GS8JAMI-60a3bf8c" start="1678987352799" dump="1678987367146"/><sessioninfo id="DESKTOP-GS8JAMI-7e073541" start="1678987374411" dump="1678987389630"/><sessioninfo id="DESKTOP-GS8JAMI-5070a005" start="1678987402247" dump="1678987403294"/><sessioninfo id="DESKTOP-GS8JAMI-d6777862" start="1678987420049" dump="1678987435223"/><sessioninfo id="DESKTOP-GS8JAMI-5a6982e6" start="1678987445956" dump="1678987447017"/><sessioninfo id="DESKTOP-GS8JAMI-d6f1deab" start="1678987460822" dump="1678987466157"/><sessioninfo id="DESKTOP-GS8JAMI-ab28d393" start="1678987538866" dump="1678987552987"/><sessioninfo id="DESKTOP-GS8JAMI-5cadf5" start="1678987637280" dump="1678987647315"/><sessioninfo id="DESKTOP-GS8JAMI-b2493583" start="1678987669418" dump="1678987682275"/><sessioninfo id="DESKTOP-GS8JAMI-f0f01f6b" start="1678987703581" dump="1678987715591"/><sessioninfo id="DESKTOP-GS8JAMI-efd245d6" start="1678987947586" dump="1678987948642"/><sessioninfo id="DESKTOP-GS8JAMI-dad9cf15" start="1678988171849" dump="1678988173064"/><sessioninfo id="DESKTOP-GS8JAMI-97bbd6f9" start="1678988195232" dump="1678988210705"/><sessioninfo id="DESKTOP-GS8JAMI-ac816450" start="1679071652812" dump="1679071670010"/><sessioninfo id="DESKTOP-GS8JAMI-5023f0ab" start="1679071675172" dump="1679071676315"/><sessioninfo id="DESKTOP-GS8JAMI-25333443" start="1680166965315" dump="1680166979471"/><sessioninfo id="DESKTOP-GS8JAMI-d318b1c8" start="1680167012430" dump="1680167014610"/><sessioninfo id="DESKTOP-GS8JAMI-54309a25" start="1680167025406" dump="1680167026478"/><sessioninfo id="DESKTOP-GS8JAMI-f1ccede1" start="1680167048441" dump="1680167064328"/><sessioninfo id="DESKTOP-GS8JAMI-c9cdd420" start="1680167074349" dump="1680167075588"/><sessioninfo id="DESKTOP-GS8JAMI-c019f02f" start="1680167099314" dump="1680167100326"/><sessioninfo id="DESKTOP-GS8JAMI-549c6ba" start="1680167102869" dump="1680167103810"/><sessioninfo id="DESKTOP-GS8JAMI-62507660" start="1680167106002" dump="1680167106950"/><sessioninfo id="DESKTOP-GS8JAMI-7a65694d" start="1680167109678" dump="1680167110709"/><sessioninfo id="DESKTOP-GS8JAMI-75143316" start="1680167113004" dump="1680167114045"/><sessioninfo id="DESKTOP-GS8JAMI-31215a0a" start="1680167116226" dump="1680167117199"/><sessioninfo id="DESKTOP-GS8JAMI-ab9a1dbb" start="1680167120499" dump="1680167121950"/><sessioninfo id="DESKTOP-GS8JAMI-ddafc5f4" start="1680167124100" dump="1680167124905"/><sessioninfo id="DESKTOP-GS8JAMI-8e50f64b" start="1680167128016" dump="1680167128820"/><sessioninfo id="DESKTOP-GS8JAMI-24a1c41" start="1680167131490" dump="1680167145248"/><sessioninfo id="DESKTOP-GS8JAMI-a238720d" start="1680167148209" dump="1680167150435"/><sessioninfo id="DESKTOP-GS8JAMI-7dacccf7" start="1680199324353" dump="1680199340135"/><sessioninfo id="DESKTOP-GS8JAMI-d8397d79" start="1680199349678" dump="1680199352097"/><sessioninfo id="DESKTOP-GS8JAMI-de69fbde" start="1680199355473" dump="1680199356660"/><sessioninfo id="DESKTOP-GS8JAMI-c12c074" start="1680199361164" dump="1680199362485"/><sessioninfo id="DESKTOP-GS8JAMI-7e0dc6e" start="1680199366512" dump="1680199380063"/><sessioninfo id="DESKTOP-GS8JAMI-2b5fb663" start="1680199383951" dump="1680199386621"/><sessioninfo id="DESKTOP-GS8JAMI-568084b4" start="1680199391728" dump="1680199393202"/><sessioninfo id="DESKTOP-GS8JAMI-94f56aa7" start="1680199398394" dump="1680199399782"/><sessioninfo id="DESKTOP-GS8JAMI-74659b9c" start="1680199406042" dump="1680199407429"/><sessioninfo id="DESKTOP-GS8JAMI-a87b6612" start="1680199412094" dump="1680199413389"/><sessioninfo id="DESKTOP-GS8JAMI-a29e1aa4" start="1680768496747" dump="1680768560566"/><sessioninfo id="DESKTOP-GS8JAMI-49e70ed6" start="1680768934888" dump="1680768943914"/><sessioninfo id="DESKTOP-GS8JAMI-125e5b0" start="1680769140853" dump="1680769150146"/><sessioninfo id="DESKTOP-GS8JAMI-4e42c717" start="1680769155162" dump="1680769213937"/><sessioninfo id="DESKTOP-GS8JAMI-7149f820" start="1680769473701" dump="1680769488614"/><sessioninfo id="DESKTOP-GS8JAMI-7512ed7d" start="1680769492893" dump="1680769494126"/><sessioninfo id="DESKTOP-GS8JAMI-993bcd0b" start="1680772388256" dump="1680772397904"/><sessioninfo id="DESKTOP-GS8JAMI-347dedab" start="1680773625925" dump="1680773632740"/><sessioninfo id="DESKTOP-GS8JAMI-c0f955ee" start="1680773694763" dump="1680774415846"/><sessioninfo id="DESKTOP-GS8JAMI-a8798556" start="1680774435146" dump="1680774443782"/><sessioninfo id="DESKTOP-GS8JAMI-98e2703b" start="1680774458888" dump="1680774460041"/><sessioninfo id="DESKTOP-GS8JAMI-71f0d948" start="1680774467057" dump="1680774482491"/><sessioninfo id="DESKTOP-GS8JAMI-9f6775" start="1680774799586" dump="1680774812096"/><sessioninfo id="DESKTOP-GS8JAMI-5f87d6a0" start="1680774914841" dump="1680774928877"/><sessioninfo id="DESKTOP-GS8JAMI-433150fe" start="1680775024313" dump="1680775038636"/><sessioninfo id="DESKTOP-GS8JAMI-6c52f3c3" start="1680775111980" dump="1680775126812"/><sessioninfo id="DESKTOP-GS8JAMI-5013f80b" start="1680775185461" dump="1680775194725"/><sessioninfo id="DESKTOP-GS8JAMI-8e37293d" start="1681810599962" dump="1681810601283"/><sessioninfo id="DESKTOP-GS8JAMI-23571253" start="1681810612893" dump="1681810628594"/><sessioninfo id="DESKTOP-GS8JAMI-3951bed5" start="1681810779537" dump="1681810791971"/><sessioninfo id="DESKTOP-GS8JAMI-d4553f3b" start="1681811263341" dump="1681811278018"/><sessioninfo id="DESKTOP-GS8JAMI-66e38693" start="1681811454262" dump="1681811469200"/><sessioninfo id="DESKTOP-GS8JAMI-a0b6fc29" start="1681811674217" dump="1681811689158"/><sessioninfo id="DESKTOP-GS8JAMI-b1055682" start="1681811711334" dump="1681811728044"/><sessioninfo id="DESKTOP-GS8JAMI-7802d865" start="1682327947311" dump="1682327960166"/><sessioninfo id="DESKTOP-GS8JAMI-93726f7d" start="1682327970058" dump="1682327971882"/><sessioninfo id="DESKTOP-GS8JAMI-7f3f0d57" start="1682327978728" dump="1682327993076"/><sessioninfo id="DESKTOP-GS8JAMI-b34e00c5" start="1682328496707" dump="1682328511378"/><sessioninfo id="DESKTOP-GS8JAMI-da2cdb2" start="1682328879643" dump="1682328881310"/><sessioninfo id="DESKTOP-GS8JAMI-194d9780" start="1682329549046" dump="1682329550591"/><sessioninfo id="DESKTOP-GS8JAMI-a215e7fd" start="1682330298523" dump="1682330299601"/><sessioninfo id="DESKTOP-GS8JAMI-71cdeadc" start="1682330368530" dump="1682330369727"/><sessioninfo id="DESKTOP-GS8JAMI-8b900c41" start="1682330421572" dump="1682330422715"/><sessioninfo id="DESKTOP-GS8JAMI-a605c864" start="1682330474784" dump="1682330476142"/><sessioninfo id="DESKTOP-GS8JAMI-778e7562" start="1682330481170" dump="1682330482442"/><sessioninfo id="DESKTOP-GS8JAMI-3009ab31" start="1682330488904" dump="1682330490074"/><sessioninfo id="DESKTOP-GS8JAMI-e182870" start="1682330493265" dump="1682330494187"/><sessioninfo id="DESKTOP-GS8JAMI-72c1bfc5" start="1682330502516" dump="1682330503700"/><sessioninfo id="DESKTOP-GS8JAMI-1588586a" start="1682330556363" dump="1682330557563"/><sessioninfo id="DESKTOP-GS8JAMI-9cd0d6d4" start="1682330604019" dump="1682330605256"/><sessioninfo id="DESKTOP-GS8JAMI-98d7d9a8" start="1682331008038" dump="1682331009319"/><sessioninfo id="DESKTOP-GS8JAMI-cae93d1b" start="1682331092392" dump="1682331093494"/><sessioninfo id="DESKTOP-GS8JAMI-7b7399b4" start="1682331184078" dump="1682331185273"/><sessioninfo id="DESKTOP-GS8JAMI-e508972e" start="1682331199255" dump="1682331200471"/><sessioninfo id="DESKTOP-GS8JAMI-f4283e35" start="1682346609782" dump="1682346610994"/><sessioninfo id="DESKTOP-GS8JAMI-547da63b" start="1682346654023" dump="1682346655131"/><sessioninfo id="DESKTOP-GS8JAMI-3daefcc1" start="1682347102309" dump="1682347103329"/><sessioninfo id="DESKTOP-GS8JAMI-52ec07f2" start="1682347797532" dump="1682347798559"/><sessioninfo id="DESKTOP-GS8JAMI-1f56feb8" start="1682347904695" dump="1682347905714"/><sessioninfo id="DESKTOP-GS8JAMI-e9a03a8f" start="1682348150207" dump="1682348151248"/><sessioninfo id="DESKTOP-GS8JAMI-ef1c989f" start="1682348257851" dump="1682348258893"/><sessioninfo id="DESKTOP-GS8JAMI-1287b5c6" start="1682348846134" dump="1682348861320"/><sessioninfo id="DESKTOP-GS8JAMI-7b305c8a" start="1682349271590" dump="1682349283204"/><sessioninfo id="DESKTOP-GS8JAMI-b91c1b05" start="1682349378421" dump="1682349379470"/><sessioninfo id="DESKTOP-GS8JAMI-d6d5b10c" start="1682349811572" dump="1682349812652"/><sessioninfo id="DESKTOP-GS8JAMI-a8ba2d07" start="1682349838003" dump="1682349848226"/><sessioninfo id="DESKTOP-GS8JAMI-b877cb13" start="1682350014986" dump="1682350027219"/><sessioninfo id="DESKTOP-GS8JAMI-6ad88757" start="1682350757653" dump="1682350769837"/><sessioninfo id="DESKTOP-GS8JAMI-a2776f2" start="1682350845650" dump="1682350859443"/><sessioninfo id="DESKTOP-GS8JAMI-2259e8a7" start="1682350935019" dump="1682350947162"/><sessioninfo id="DESKTOP-GS8JAMI-41c1ce86" start="1682350975304" dump="1682350988732"/><sessioninfo id="DESKTOP-GS8JAMI-331280fe" start="1682351681101" dump="1682351693882"/><sessioninfo id="DESKTOP-GS8JAMI-5822dce2" start="1682352252391" dump="1682352264040"/><sessioninfo id="DESKTOP-GS8JAMI-97ac125d" start="1682352274663" dump="1682352287395"/><sessioninfo id="DESKTOP-GS8JAMI-6fc4fb87" start="1682352393930" dump="1682352405954"/><sessioninfo id="DESKTOP-GS8JAMI-a141bea5" start="1682353319680" dump="1682353332563"/><sessioninfo id="DESKTOP-GS8JAMI-62b67838" start="1682353431026" dump="1682353442117"/><sessioninfo id="DESKTOP-GS8JAMI-437b5b18" start="1682353480014" dump="1682353492783"/><sessioninfo id="DESKTOP-GS8JAMI-d8d60196" start="1682353734834" dump="1682353773760"/><sessioninfo id="DESKTOP-GS8JAMI-a74183d3" start="1682354163230" dump="1682354208415"/><sessioninfo id="DESKTOP-GS8JAMI-7948c044" start="1682406103968" dump="1682406105677"/><sessioninfo id="DESKTOP-GS8JAMI-9b7440c0" start="1682406152847" dump="1682406194560"/><sessioninfo id="DESKTOP-GS8JAMI-36c93a3b" start="1682406251836" dump="1682406311969"/><sessioninfo id="DESKTOP-GS8JAMI-c4b077ea" start="1682406444036" dump="1682406551389"/><sessioninfo id="DESKTOP-GS8JAMI-86a98644" start="1682435308661" dump="1682435317535"/><sessioninfo id="DESKTOP-GS8JAMI-b12d253a" start="1682435359845" dump="1682435413333"/><sessioninfo id="DESKTOP-GS8JAMI-2983bbdf" start="1682435658640" dump="1682435659613"/><sessioninfo id="DESKTOP-GS8JAMI-1e42c245" start="1682435671299" dump="1682435673454"/><package name="tourGuide"><class name="tourGuide/TourGuideModule" sourcefilename="TourGuideModule.java"><method name="&lt;init&gt;" desc="()V" line="11"><counter type="INSTRUCTION" missed="0" covered="3"/><counter type="LINE" missed="0" covered="1"/><counter type="COMPLEXITY" missed="0" covered="1"/><counter type="METHOD" missed="0" covered="1"/></method><method name="getGpsUtil" desc="()LgpsUtil/GpsUtil;" line="15"><counter type="INSTRUCTION" missed="0" covered="4"/><counter type="LINE" missed="0" covered="1"/><counter type="COMPLEXITY" missed="0" covered="1"/><counter type="METHOD" missed="0" covered="1"/></method><method name="getRewardsService" desc="()LtourGuide/service/RewardsService;" line="20"><counter type="INSTRUCTION" missed="0" covered="8"/><counter type="LINE" missed="0" covered="1"/><counter type="COMPLEXITY" missed="0" covered="1"/><counter type="METHOD" missed="0" covered="1"/></method><method name="getRewardCentral" desc="()LrewardCentral/RewardCentral;" line="25"><counter type="INSTRUCTION" missed="0" covered="4"/><counter type="LINE" missed="0" covered="1"/><counter type="COMPLEXITY" missed="0" covered="1"/><counter type="METHOD" missed="0" covered="1"/></method><counter type="INSTRUCTION" missed="0" covered="19"/><counter type="LINE" missed="0" covered="4"/><counter type="COMPLEXITY" missed="0" covered="4"/><counter type="METHOD" missed="0" covered="4"/><counter type="CLASS" missed="0" covered="1"/></class><class name="tourGuide/Application" sourcefilename="Application.java"><method name="&lt;init&gt;" desc="()V" line="9"><counter type="INSTRUCTION" missed="0" covered="3"/><counter type="LINE" missed="0" covered="1"/><counter type="COMPLEXITY" missed="0" covered="1"/><counter type="METHOD" missed="0" covered="1"/></method><method name="main" desc="([Ljava/lang/String;)V" line="12"><counter type="INSTRUCTION" missed="7" covered="0"/><counter type="LINE" missed="3" covered="0"/><counter type="COMPLEXITY" missed="1" covered="0"/><counter type="METHOD" missed="1" covered="0"/></method><counter type="INSTRUCTION" missed="7" covered="3"/><counter type="LINE" missed="3" covered="1"/><counter type="COMPLEXITY" missed="1" covered="1"/><counter type="METHOD" missed="1" covered="1"/><counter type="CLASS" missed="0" covered="1"/></class><class name="tourGuide/TourGuideController" sourcefilename="TourGuideController.java"><method name="&lt;init&gt;" desc="()V" line="19"><counter type="INSTRUCTION" missed="3" covered="0"/><counter type="LINE" missed="1" covered="0"/><counter type="COMPLEXITY" missed="1" covered="0"/><counter type="METHOD" missed="1" covered="0"/></method><method name="index" desc="()Ljava/lang/String;" line="26"><counter type="INSTRUCTION" missed="2" covered="0"/><counter type="LINE" missed="1" covered="0"/><counter type="COMPLEXITY" missed="1" covered="0"/><counter type="METHOD" missed="1" covered="0"/></method><method name="getLocation" desc="(Ljava/lang/String;)Ljava/lang/String;" line="31"><counter type="INSTRUCTION" missed="11" covered="0"/><counter type="LINE" missed="2" covered="0"/><counter type="COMPLEXITY" missed="1" covered="0"/><counter type="METHOD" missed="1" covered="0"/></method><method name="getNearbyAttractions" desc="(Ljava/lang/String;)Ljava/lang/String;" line="47"><counter type="INSTRUCTION" missed="13" covered="0"/><counter type="LINE" missed="2" covered="0"/><counter type="COMPLEXITY" missed="1" covered="0"/><counter type="METHOD" missed="1" covered="0"/></method><method name="getRewards" desc="(Ljava/lang/String;)Ljava/lang/String;" line="53"><counter type="INSTRUCTION" missed="8" covered="0"/><counter type="LINE" missed="1" covered="0"/><counter type="COMPLEXITY" missed="1" covered="0"/><counter type="METHOD" missed="1" covered="0"/></method><method name="getAllCurrentLocations" desc="()Ljava/lang/String;" line="69"><counter type="INSTRUCTION" missed="10" covered="0"/><counter type="LINE" missed="2" covered="0"/><counter type="COMPLEXITY" missed="1" covered="0"/><counter type="METHOD" missed="1" covered="0"/></method><method name="getTripDeals" desc="(Ljava/lang/String;)Ljava/lang/String;" line="75"><counter type="INSTRUCTION" missed="10" covered="0"/><counter type="LINE" missed="2" covered="0"/><counter type="COMPLEXITY" missed="1" covered="0"/><counter type="METHOD" missed="1" covered="0"/></method><method name="updateUserPreferences" desc="(Ljava/lang/String;LtourGuide/user/UserPreferences;)LtourGuide/user/UserPreferences;" line="81"><counter type="INSTRUCTION" missed="6" covered="0"/><counter type="LINE" missed="1" covered="0"/><counter type="COMPLEXITY" missed="1" covered="0"/><counter type="METHOD" missed="1" covered="0"/></method><method name="getUserPreferences" desc="(Ljava/lang/String;)LtourGuide/user/UserPreferences;" line="87"><counter type="INSTRUCTION" missed="5" covered="0"/><counter type="LINE" missed="1" covered="0"/><counter type="COMPLEXITY" missed="1" covered="0"/><counter type="METHOD" missed="1" covered="0"/></method><method name="getUser" desc="(Ljava/lang/String;)LtourGuide/user/User;" line="111"><counter type="INSTRUCTION" missed="5" covered="0"/><counter type="LINE" missed="1" covered="0"/><counter type="COMPLEXITY" missed="1" covered="0"/><counter type="METHOD" missed="1" covered="0"/></method><counter type="INSTRUCTION" missed="73" covered="0"/><counter type="LINE" missed="14" covered="0"/><counter type="COMPLEXITY" missed="10" covered="0"/><counter type="METHOD" missed="10" covered="0"/><counter type="CLASS" missed="1" covered="0"/></class><sourcefile name="Application.java"><line nr="9" mi="0" ci="3" mb="0" cb="0"/><line nr="12" mi="2" ci="0" mb="0" cb="0"/><line nr="13" mi="4" ci="0" mb="0" cb="0"/><line nr="14" mi="1" ci="0" mb="0" cb="0"/><counter type="INSTRUCTION" missed="7" covered="3"/><counter type="LINE" missed="3" covered="1"/><counter type="COMPLEXITY" missed="1" covered="1"/><counter type="METHOD" missed="1" covered="1"/><counter type="CLASS" missed="0" covered="1"/></sourcefile><sourcefile name="TourGuideModule.java"><line nr="11" mi="0" ci="3" mb="0" cb="0"/><line nr="15" mi="0" ci="4" mb="0" cb="0"/><line nr="20" mi="0" ci="8" mb="0" cb="0"/><line nr="25" mi="0" ci="4" mb="0" cb="0"/><counter type="INSTRUCTION" missed="0" covered="19"/><counter type="LINE" missed="0" covered="4"/><counter type="COMPLEXITY" missed="0" covered="4"/><counter type="METHOD" missed="0" covered="4"/><counter type="CLASS" missed="0" covered="1"/></sourcefile><sourcefile name="TourGuideController.java"><line nr="19" mi="3" ci="0" mb="0" cb="0"/><line nr="26" mi="2" ci="0" mb="0" cb="0"/><line nr="31" mi="8" ci="0" mb="0" cb="0"/><line nr="32" mi="3" ci="0" mb="0" cb="0"/><line nr="47" mi="7" ci="0" mb="0" cb="0"/><line nr="48" mi="6" ci="0" mb="0" cb="0"/><line nr="53" mi="8" ci="0" mb="0" cb="0"/><line nr="69" mi="7" ci="0" mb="0" cb="0"/><line nr="70" mi="3" ci="0" mb="0" cb="0"/><line nr="75" mi="7" ci="0" mb="0" cb="0"/><line nr="76" mi="3" ci="0" mb="0" cb="0"/><line nr="81" mi="6" ci="0" mb="0" cb="0"/><line nr="87" mi="5" ci="0" mb="0" cb="0"/><line nr="111" mi="5" ci="0" mb="0" cb="0"/><counter type="INSTRUCTION" missed="73" covered="0"/><counter type="LINE" missed="14" covered="0"/><counter type="COMPLEXITY" missed="10" covered="0"/><counter type="METHOD" missed="10" covered="0"/><counter type="CLASS" missed="1" covered="0"/></sourcefile><counter type="INSTRUCTION" missed="80" covered="22"/><counter type="LINE" missed="17" covered="5"/><counter type="COMPLEXITY" missed="11" covered="5"/><counter type="METHOD" missed="11" covered="5"/><counter type="CLASS" missed="1" covered="2"/></package><package name="tourGuide/tracker"><class name="tourGuide/tracker/Tracker" sourcefilename="Tracker.java"><method name="&lt;init&gt;" desc="(LtourGuide/service/TourGuideService;)V" line="16"><counter type="INSTRUCTION" missed="0" covered="21"/><counter type="LINE" missed="0" covered="7"/><counter type="COMPLEXITY" missed="0" covered="1"/><counter type="METHOD" missed="0" covered="1"/></method><method name="stopTracking" desc="()V" line="32"><counter type="INSTRUCTION" missed="0" covered="8"/><counter type="LINE" missed="0" covered="3"/><counter type="COMPLEXITY" missed="0" covered="1"/><counter type="METHOD" missed="0" covered="1"/></method><method name="run" desc="()V" line="38"><counter type="INSTRUCTION" missed="0" covered="71"/><counter type="BRANCH" missed="1" covered="3"/><counter type="LINE" missed="0" covered="18"/><counter type="COMPLEXITY" missed="1" covered="2"/><counter type="METHOD" missed="0" covered="1"/></method><method name="lambda$run$0" desc="(LtourGuide/user/User;)V" line="48"><counter type="INSTRUCTION" missed="0" covered="6"/><counter type="LINE" missed="0" covered="1"/><counter type="COMPLEXITY" missed="0" covered="1"/><counter type="METHOD" missed="0" covered="1"/></method><method name="&lt;clinit&gt;" desc="()V" line="17"><counter type="INSTRUCTION" missed="0" covered="5"/><counter type="LINE" missed="0" covered="1"/><counter type="COMPLEXITY" missed="0" covered="1"/><counter type="METHOD" missed="0" covered="1"/></method><counter type="INSTRUCTION" missed="0" covered="111"/><counter type="BRANCH" missed="1" covered="3"/><counter type="LINE" missed="0" covered="29"/><counter type="COMPLEXITY" missed="1" covered="6"/><counter type="METHOD" missed="0" covered="5"/><counter type="CLASS" missed="0" covered="1"/></class><sourcefile name="Tracker.java"><line nr="16" mi="0" ci="4" mb="0" cb="0"/><line nr="17" mi="0" ci="5" mb="0" cb="0"/><line nr="18" mi="0" ci="3" mb="0" cb="0"/><line nr="20" mi="0" ci="3" mb="0" cb="0"/><line nr="22" mi="0" ci="2" mb="0" cb="0"/><line nr="23" mi="0" ci="3" mb="0" cb="0"/><line nr="25" mi="0" ci="5" mb="0" cb="0"/><line nr="26" mi="0" ci="1" mb="0" cb="0"/><line nr="32" mi="0" ci="3" mb="0" cb="0"/><line nr="33" mi="0" ci="4" mb="0" cb="0"/><line nr="34" mi="0" ci="1" mb="0" cb="0"/><line nr="38" mi="0" ci="4" mb="0" cb="0"/><line nr="40" mi="0" ci="6" mb="1" cb="3"/><line nr="41" mi="0" ci="4" mb="0" cb="0"/><line nr="42" mi="0" ci="1" mb="0" cb="0"/><line nr="45" mi="0" ci="4" mb="0" cb="0"/><line nr="46" mi="0" ci="14" mb="0" cb="0"/><line nr="47" mi="0" ci="2" mb="0" cb="0"/><line nr="48" mi="0" ci="10" mb="0" cb="0"/><line nr="49" mi="0" ci="2" mb="0" cb="0"/><line nr="50" mi="0" ci="16" mb="0" cb="0"/><line nr="51" mi="0" ci="2" mb="0" cb="0"/><line nr="53" mi="0" ci="4" mb="0" cb="0"/><line nr="54" mi="0" ci="3" mb="0" cb="0"/><line nr="55" mi="0" ci="1" mb="0" cb="0"/><line nr="56" mi="0" ci="1" mb="0" cb="0"/><line nr="57" mi="0" ci="1" mb="0" cb="0"/><line nr="58" mi="0" ci="1" mb="0" cb="0"/><line nr="60" mi="0" ci="1" mb="0" cb="0"/><counter type="INSTRUCTION" missed="0" covered="111"/><counter type="BRANCH" missed="1" covered="3"/><counter type="LINE" missed="0" covered="29"/><counter type="COMPLEXITY" missed="1" covered="6"/><counter type="METHOD" missed="0" covered="5"/><counter type="CLASS" missed="0" covered="1"/></sourcefile><counter type="INSTRUCTION" missed="0" covered="111"/><counter type="BRANCH" missed="1" covered="3"/><counter type="LINE" missed="0" covered="29"/><counter type="COMPLEXITY" missed="1" covered="6"/><counter type="METHOD" missed="0" covered="5"/><counter type="CLASS" missed="0" covered="1"/></package><package name="tourGuide/helper"><class name="tourGuide/helper/InternalTestHelper" sourcefilename="InternalTestHelper.java"><method name="&lt;init&gt;" desc="()V" line="3"><counter type="INSTRUCTION" missed="3" covered="0"/><counter type="LINE" missed="1" covered="0"/><counter type="COMPLEXITY" missed="1" covered="0"/><counter type="METHOD" missed="1" covered="0"/></method><method name="setInternalUserNumber" desc="(I)V" line="9"><counter type="INSTRUCTION" missed="0" covered="3"/><counter type="LINE" missed="0" covered="2"/><counter type="COMPLEXITY" missed="0" covered="1"/><counter type="METHOD" missed="0" covered="1"/></method><method name="getInternalUserNumber" desc="()I" line="13"><counter type="INSTRUCTION" missed="0" covered="2"/><counter type="LINE" missed="0" covered="1"/><counter type="COMPLEXITY" missed="0" covered="1"/><counter type="METHOD" missed="0" covered="1"/></method><method name="&lt;clinit&gt;" desc="()V" line="6"><counter type="INSTRUCTION" missed="0" covered="3"/><counter type="LINE" missed="0" covered="1"/><counter type="COMPLEXITY" missed="0" covered="1"/><counter type="METHOD" missed="0" covered="1"/></method><counter type="INSTRUCTION" missed="3" covered="8"/><counter type="LINE" missed="1" covered="4"/><counter type="COMPLEXITY" missed="1" covered="3"/><counter type="METHOD" missed="1" covered="3"/><counter type="CLASS" missed="0" covered="1"/></class><sourcefile name="InternalTestHelper.java"><line nr="3" mi="3" ci="0" mb="0" cb="0"/><line nr="6" mi="0" ci="3" mb="0" cb="0"/><line nr="9" mi="0" ci="2" mb="0" cb="0"/><line nr="10" mi="0" ci="1" mb="0" cb="0"/><line nr="13" mi="0" ci="2" mb="0" cb="0"/><counter type="INSTRUCTION" missed="3" covered="8"/><counter type="LINE" missed="1" covered="4"/><counter type="COMPLEXITY" missed="1" covered="3"/><counter type="METHOD" missed="1" covered="3"/><counter type="CLASS" missed="0" covered="1"/></sourcefile><counter type="INSTRUCTION" missed="3" covered="8"/><counter type="LINE" missed="1" covered="4"/><counter type="COMPLEXITY" missed="1" covered="3"/><counter type="METHOD" missed="1" covered="3"/><counter type="CLASS" missed="0" covered="1"/></package><package name="tourGuide/service"><class name="tourGuide/service/RewardsService" sourcefilename="RewardsService.java"><method name="&lt;init&gt;" desc="(LgpsUtil/GpsUtil;LrewardCentral/RewardCentral;)V" line="24"><counter type="INSTRUCTION" missed="0" covered="19"/><counter type="LINE" missed="0" covered="7"/><counter type="COMPLEXITY" missed="0" covered="1"/><counter type="METHOD" missed="0" covered="1"/></method><method name="setProximityBuffer" desc="(I)V" line="36"><counter type="INSTRUCTION" missed="4" covered="0"/><counter type="LINE" missed="2" covered="0"/><counter type="COMPLEXITY" missed="1" covered="0"/><counter type="METHOD" missed="1" covered="0"/></method><method name="setDefaultProximityBuffer" desc="()V" line="40"><counter type="INSTRUCTION" missed="5" covered="0"/><counter type="LINE" missed="2" covered="0"/><counter type="COMPLEXITY" missed="1" covered="0"/><counter type="METHOD" missed="1" covered="0"/></method><method name="calculateRewards" desc="(LtourGuide/user/User;)V" line="44"><counter type="INSTRUCTION" missed="11" covered="38"/><counter type="BRANCH" missed="1" covered="5"/><counter type="LINE" missed="1" covered="8"/><counter type="COMPLEXITY" missed="1" covered="3"/><counter type="METHOD" missed="0" covered="1"/></method><method name="isWithinAttractionProximity" desc="(LgpsUtil/location/Attraction;LgpsUtil/location/Location;)Z" line="60"><counter type="INSTRUCTION" missed="13" covered="0"/><counter type="BRANCH" missed="2" covered="0"/><counter type="LINE" missed="1" covered="0"/><counter type="COMPLEXITY" missed="2" covered="0"/><counter type="METHOD" missed="1" covered="0"/></method><method name="nearAttraction" desc="(LgpsUtil/location/VisitedLocation;LgpsUtil/location/Attraction;)Z" line="64"><counter type="INSTRUCTION" missed="2" covered="12"/><counter type="BRANCH" missed="1" covered="1"/><counter type="LINE" missed="0" covered="1"/><counter type="COMPLEXITY" missed="1" covered="1"/><counter type="METHOD" missed="0" covered="1"/></method><method name="getRewardPoints" desc="(LgpsUtil/location/Attraction;LtourGuide/user/User;)I" line="68"><counter type="INSTRUCTION" missed="8" covered="0"/><counter type="LINE" missed="1" covered="0"/><counter type="COMPLEXITY" missed="1" covered="0"/><counter type="METHOD" missed="1" covered="0"/></method><method name="getDistance" desc="(LgpsUtil/location/Location;LgpsUtil/location/Location;)D" line="72"><counter type="INSTRUCTION" missed="0" covered="45"/><counter type="LINE" missed="0" covered="9"/><counter type="COMPLEXITY" missed="0" covered="1"/><counter type="METHOD" missed="0" covered="1"/></method><counter type="INSTRUCTION" missed="43" covered="114"/><counter type="BRANCH" missed="4" covered="6"/><counter type="LINE" missed="7" covered="25"/><counter type="COMPLEXITY" missed="7" covered="6"/><counter type="METHOD" missed="4" covered="4"/><counter type="CLASS" missed="0" covered="1"/></class><class name="tourGuide/service/TourGuideService" sourcefilename="TourGuideService.java"><method name="&lt;init&gt;" desc="(LgpsUtil/GpsUtil;LtourGuide/service/RewardsService;)V" line="29"><counter type="INSTRUCTION" missed="0" covered="55"/><counter type="BRANCH" missed="1" covered="1"/><counter type="LINE" missed="0" covered="16"/><counter type="COMPLEXITY" missed="1" covered="1"/><counter type="METHOD" missed="0" covered="1"/></method><method name="getUserRewards" desc="(LtourGuide/user/User;)Ljava/util/List;" line="54"><counter type="INSTRUCTION" missed="3" covered="0"/><counter type="LINE" missed="1" covered="0"/><counter type="COMPLEXITY" missed="1" covered="0"/><counter type="METHOD" missed="1" covered="0"/></method><method name="getUserLocation" desc="(LtourGuide/user/User;)LgpsUtil/location/VisitedLocation;" line="58"><counter type="INSTRUCTION" missed="13" covered="0"/><counter type="BRANCH" missed="2" covered="0"/><counter type="LINE" missed="4" covered="0"/><counter type="COMPLEXITY" missed="2" covered="0"/><counter type="METHOD" missed="1" covered="0"/></method><method name="trackUserLocation" desc="(LtourGuide/user/User;)LgpsUtil/location/VisitedLocation;" line="66"><counter type="INSTRUCTION" missed="0" covered="12"/><counter type="LINE" missed="0" covered="3"/><counter type="COMPLEXITY" missed="0" covered="1"/><counter type="METHOD" missed="0" covered="1"/></method><method name="getUser" desc="(Ljava/lang/String;)LtourGuide/user/User;" line="80"><counter type="INSTRUCTION" missed="6" covered="0"/><counter type="LINE" missed="1" covered="0"/><counter type="COMPLEXITY" missed="1" covered="0"/><counter type="METHOD" missed="1" covered="0"/></method><method name="getAllUsers" desc="()Ljava/util/List;" line="84"><counter type="INSTRUCTION" missed="0" covered="8"/><counter type="LINE" missed="0" covered="1"/><counter type="COMPLEXITY" missed="0" covered="1"/><counter type="METHOD" missed="0" covered="1"/></method><method name="addUser" desc="(LtourGuide/user/User;)V" line="88"><counter type="INSTRUCTION" missed="14" covered="0"/><counter type="BRANCH" missed="2" covered="0"/><counter type="LINE" missed="3" covered="0"/><counter type="COMPLEXITY" missed="2" covered="0"/><counter type="METHOD" missed="1" covered="0"/></method><method name="getTripDeals" desc="(LtourGuide/user/User;)Ljava/util/List;" line="94"><counter type="INSTRUCTION" missed="29" covered="0"/><counter type="LINE" missed="5" covered="0"/><counter type="COMPLEXITY" missed="1" covered="0"/><counter type="METHOD" missed="1" covered="0"/></method><method name="updateUserPreferences" desc="(Ljava/lang/String;LtourGuide/user/UserPreferences;)LtourGuide/user/UserPreferences;" line="110"><counter type="INSTRUCTION" missed="9" covered="0"/><counter type="LINE" missed="3" covered="0"/><counter type="COMPLEXITY" missed="1" covered="0"/><counter type="METHOD" missed="1" covered="0"/></method><method name="getUserPreferences" desc="(Ljava/lang/String;)LtourGuide/user/UserPreferences;" line="118"><counter type="INSTRUCTION" missed="7" covered="0"/><counter type="LINE" missed="1" covered="0"/><counter type="COMPLEXITY" missed="1" covered="0"/><counter type="METHOD" missed="1" covered="0"/></method><method name="getNearByAttractions" desc="(LgpsUtil/location/VisitedLocation;)Ljava/util/List;" line="159"><counter type="INSTRUCTION" missed="17" covered="0"/><counter type="LINE" missed="7" covered="0"/><counter type="COMPLEXITY" missed="1" covered="0"/><counter type="METHOD" missed="1" covered="0"/></method><method name="getAllCurrentLocations" desc="(Ljava/util/List;)Ljava/util/List;" line="172"><counter type="INSTRUCTION" missed="42" covered="0"/><counter type="BRANCH" missed="2" covered="0"/><counter type="LINE" missed="9" covered="0"/><counter type="COMPLEXITY" missed="2" covered="0"/><counter type="METHOD" missed="1" covered="0"/></method><method name="getAttractions" desc="(LgpsUtil/location/VisitedLocation;)Ljava/util/List;" line="184"><counter type="INSTRUCTION" missed="79" covered="0"/><counter type="BRANCH" missed="2" covered="0"/><counter type="LINE" missed="16" covered="0"/><counter type="COMPLEXITY" missed="2" covered="0"/><counter type="METHOD" missed="1" covered="0"/></method><method name="addShutDownHook" desc="()V" line="206"><counter type="INSTRUCTION" missed="0" covered="7"/><counter type="LINE" missed="0" covered="2"/><counter type="COMPLEXITY" missed="0" covered="1"/><counter type="METHOD" missed="0" covered="1"/></method><method name="initializeInternalUsers" desc="()V" line="222"><counter type="INSTRUCTION" missed="0" covered="20"/><counter type="LINE" missed="0" covered="3"/><counter type="COMPLEXITY" missed="0" covered="1"/><counter type="METHOD" missed="0" covered="1"/></method><method name="generateUserLocationHistory" desc="(LtourGuide/user/User;)V" line="235"><counter type="INSTRUCTION" missed="0" covered="8"/><counter type="LINE" missed="0" covered="2"/><counter type="COMPLEXITY" missed="0" covered="1"/><counter type="METHOD" missed="0" covered="1"/></method><method name="generateRandomLongitude" desc="()D" line="239"><counter type="INSTRUCTION" missed="0" covered="15"/><counter type="LINE" missed="0" covered="3"/><counter type="COMPLEXITY" missed="0" covered="1"/><counter type="METHOD" missed="0" covered="1"/></method><method name="generateRandomLatitude" desc="()D" line="245"><counter type="INSTRUCTION" missed="0" covered="15"/><counter type="LINE" missed="0" covered="3"/><counter type="COMPLEXITY" missed="0" covered="1"/><counter type="METHOD" missed="0" covered="1"/></method><method name="getRandomTime" desc="()Ljava/util/Date;" line="251"><counter type="INSTRUCTION" missed="0" covered="14"/><counter type="LINE" missed="0" covered="2"/><counter type="COMPLEXITY" missed="0" covered="1"/><counter type="METHOD" missed="0" covered="1"/></method><method name="lambda$generateUserLocationHistory$5" desc="(LtourGuide/user/User;I)V" line="235"><counter type="INSTRUCTION" missed="0" covered="17"/><counter type="LINE" missed="0" covered="1"/><counter type="COMPLEXITY" missed="0" covered="1"/><counter type="METHOD" missed="0" covered="1"/></method><method name="lambda$initializeInternalUsers$4" desc="(I)V" line="223"><counter type="INSTRUCTION" missed="0" covered="38"/><counter type="LINE" missed="0" covered="7"/><counter type="COMPLEXITY" missed="0" covered="1"/><counter type="METHOD" missed="0" covered="1"/></method><method name="lambda$getNearByAttractions$3" desc="(LgpsUtil/location/VisitedLocation;LgpsUtil/location/Attraction;)Ljava/lang/Double;" line="162"><counter type="INSTRUCTION" missed="8" covered="0"/><counter type="LINE" missed="1" covered="0"/><counter type="COMPLEXITY" missed="1" covered="0"/><counter type="METHOD" missed="1" covered="0"/></method><method name="lambda$getTripDeals$2" desc="(LtourGuide/user/UserReward;)I" line="94"><counter type="INSTRUCTION" missed="3" covered="0"/><counter type="LINE" missed="1" covered="0"/><counter type="COMPLEXITY" missed="1" covered="0"/><counter type="METHOD" missed="1" covered="0"/></method><method name="lambda$trackUserLocation$1" desc="(LtourGuide/user/User;LgpsUtil/location/VisitedLocation;)V" line="73"><counter type="INSTRUCTION" missed="0" covered="18"/><counter type="LINE" missed="0" covered="2"/><counter type="COMPLEXITY" missed="0" covered="1"/><counter type="METHOD" missed="0" covered="1"/></method><method name="lambda$trackUserLocation$0" desc="(LtourGuide/user/User;)LgpsUtil/location/VisitedLocation;" line="67"><counter type="INSTRUCTION" missed="0" covered="15"/><counter type="LINE" missed="0" covered="4"/><counter type="COMPLEXITY" missed="0" covered="1"/><counter type="METHOD" missed="0" covered="1"/></method><counter type="INSTRUCTION" missed="230" covered="242"/><counter type="BRANCH" missed="9" covered="1"/><counter type="LINE" missed="50" covered="48"/><counter type="COMPLEXITY" missed="17" covered="13"/><counter type="METHOD" missed="12" covered="13"/><counter type="CLASS" missed="0" covered="1"/></class><class name="tourGuide/service/TourGuideService$1" sourcefilename="TourGuideService.java"><method name="&lt;init&gt;" desc="(LtourGuide/service/TourGuideService;)V" line="206"><counter type="INSTRUCTION" missed="0" covered="6"/><counter type="LINE" missed="0" covered="1"/><counter type="COMPLEXITY" missed="0" covered="1"/><counter type="METHOD" missed="0" covered="1"/></method><method name="run" desc="()V" line="208"><counter type="INSTRUCTION" missed="0" covered="5"/><counter type="LINE" missed="0" covered="2"/><counter type="COMPLEXITY" missed="0" covered="1"/><counter type="METHOD" missed="0" covered="1"/></method><counter type="INSTRUCTION" missed="0" covered="11"/><counter type="LINE" missed="0" covered="3"/><counter type="COMPLEXITY" missed="0" covered="2"/><counter type="METHOD" missed="0" covered="2"/><counter type="CLASS" missed="0" covered="1"/></class><sourcefile name="RewardsService.java"><line nr="24" mi="0" ci="3" mb="0" cb="0"/><line nr="25" mi="0" ci="4" mb="0" cb="0"/><line nr="26" mi="0" ci="3" mb="0" cb="0"/><line nr="30" mi="0" ci="2" mb="0" cb="0"/><line nr="31" mi="0" ci="3" mb="0" cb="0"/><line nr="32" mi="0" ci="3" mb="0" cb="0"/><line nr="33" mi="0" ci="1" mb="0" cb="0"/><line nr="36" mi="3" ci="0" mb="0" cb="0"/><line nr="37" mi="1" ci="0" mb="0" cb="0"/><line nr="40" mi="4" ci="0" mb="0" cb="0"/><line nr="41" mi="1" ci="0" mb="0" cb="0"/><line nr="44" mi="0" ci="4" mb="0" cb="0"/><line nr="45" mi="0" ci="6" mb="0" cb="0"/><line nr="47" mi="0" ci="10" mb="0" cb="2"/><line nr="48" mi="0" ci="10" mb="0" cb="2"/><line nr="51" mi="0" ci="5" mb="1" cb="1"/><line nr="52" mi="11" ci="0" mb="0" cb="0"/><line nr="54" mi="0" ci="1" mb="0" cb="0"/><line nr="55" mi="0" ci="1" mb="0" cb="0"/><line nr="56" mi="0" ci="1" mb="0" cb="0"/><line nr="60" mi="13" ci="0" mb="2" cb="0"/><line nr="64" mi="2" ci="12" mb="1" cb="1"/><line nr="68" mi="8" ci="0" mb="0" cb="0"/><line nr="72" mi="0" ci="4" mb="0" cb="0"/><line nr="73" mi="0" ci="4" mb="0" cb="0"/><line nr="74" mi="0" ci="4" mb="0" cb="0"/><line nr="75" mi="0" ci="4" mb="0" cb="0"/><line nr="77" mi="0" ci="8" mb="0" cb="0"/><line nr="78" mi="0" ci="10" mb="0" cb="0"/><line nr="80" mi="0" ci="5" mb="0" cb="0"/><line nr="81" mi="0" ci="4" mb="0" cb="0"/><line nr="82" mi="0" ci="2" mb="0" cb="0"/><counter type="INSTRUCTION" missed="43" covered="114"/><counter type="BRANCH" missed="4" covered="6"/><counter type="LINE" missed="7" covered="25"/><counter type="COMPLEXITY" missed="7" covered="6"/><counter type="METHOD" missed="4" covered="4"/><counter type="CLASS" missed="0" covered="1"/></sourcefile><sourcefile name="TourGuideService.java"><line nr="29" mi="0" ci="4" mb="0" cb="0"/><line nr="33" mi="0" ci="5" mb="0" cb="0"/><line nr="35" mi="0" ci="3" mb="0" cb="0"/><line nr="36" mi="0" ci="4" mb="0" cb="0"/><line nr="40" mi="0" ci="2" mb="0" cb="0"/><line nr="41" mi="0" ci="3" mb="0" cb="0"/><line nr="42" mi="0" ci="3" mb="0" cb="0"/><line nr="44" mi="0" ci="3" mb="1" cb="1"/><line nr="45" mi="0" ci="4" mb="0" cb="0"/><line nr="46" mi="0" ci="4" mb="0" cb="0"/><line nr="47" mi="0" ci="2" mb="0" cb="0"/><line nr="48" mi="0" ci="4" mb="0" cb="0"/><line nr="50" mi="0" ci="6" mb="0" cb="0"/><line nr="51" mi="0" ci="2" mb="0" cb="0"/><line nr="52" mi="0" ci="1" mb="0" cb="0"/><line nr="54" mi="3" ci="0" mb="0" cb="0"/><line nr="58" mi="5" ci="0" mb="2" cb="0"/><line nr="59" mi="4" ci="0" mb="0" cb="0"/><line nr="60" mi="2" ci="0" mb="0" cb="0"/><line nr="61" mi="2" ci="0" mb="0" cb="0"/><line nr="66" mi="0" ci="8" mb="0" cb="0"/><line nr="67" mi="0" ci="6" mb="0" cb="0"/><line nr="68" mi="0" ci="3" mb="0" cb="0"/><line nr="69" mi="0" ci="4" mb="0" cb="0"/><line nr="70" mi="0" ci="2" mb="0" cb="0"/><line nr="72" mi="0" ci="2" mb="0" cb="0"/><line nr="73" mi="0" ci="17" mb="0" cb="0"/><line nr="74" mi="0" ci="1" mb="0" cb="0"/><line nr="75" mi="0" ci="2" mb="0" cb="0"/><line nr="80" mi="6" ci="0" mb="0" cb="0"/><line nr="84" mi="0" ci="8" mb="0" cb="0"/><line nr="88" mi="6" ci="0" mb="2" cb="0"/><line nr="89" mi="7" ci="0" mb="0" cb="0"/><line nr="91" mi="1" ci="0" mb="0" cb="0"/><line nr="94" mi="10" ci="0" mb="0" cb="0"/><line nr="95" mi="11" ci="0" mb="0" cb="0"/><line nr="96" mi="6" ci="0" mb="0" cb="0"/><line nr="101" mi="3" ci="0" mb="0" cb="0"/><line nr="103" mi="2" ci="0" mb="0" cb="0"/><line nr="110" mi="4" ci="0" mb="0" cb="0"/><line nr="111" mi="3" ci="0" mb="0" cb="0"/><line nr="113" mi="2" ci="0" mb="0" cb="0"/><line nr="118" mi="7" ci="0" mb="0" cb="0"/><line nr="159" mi="2" ci="0" mb="0" cb="0"/><line nr="160" mi="1" ci="0" mb="0" cb="0"/><line nr="161" mi="4" ci="0" mb="0" cb="0"/><line nr="162" mi="11" ci="0" mb="0" cb="0"/><line nr="164" mi="1" ci="0" mb="0" cb="0"/><line nr="165" mi="4" ci="0" mb="0" cb="0"/><line nr="167" mi="2" ci="0" mb="0" cb="0"/><line nr="172" mi="4" ci="0" mb="0" cb="0"/><line nr="173" mi="10" ci="0" mb="2" cb="0"/><line nr="174" mi="4" ci="0" mb="0" cb="0"/><line nr="175" mi="5" ci="0" mb="0" cb="0"/><line nr="176" mi="6" ci="0" mb="0" cb="0"/><line nr="177" mi="6" ci="0" mb="0" cb="0"/><line nr="178" mi="4" ci="0" mb="0" cb="0"/><line nr="179" mi="1" ci="0" mb="0" cb="0"/><line nr="180" mi="2" ci="0" mb="0" cb="0"/><line nr="184" mi="8" ci="0" mb="0" cb="0"/><line nr="185" mi="4" ci="0" mb="0" cb="0"/><line nr="186" mi="4" ci="0" mb="0" cb="0"/><line nr="187" mi="10" ci="0" mb="2" cb="0"/><line nr="188" mi="4" ci="0" mb="0" cb="0"/><line nr="189" mi="4" ci="0" mb="0" cb="0"/><line nr="190" mi="4" ci="0" mb="0" cb="0"/><line nr="191" mi="4" ci="0" mb="0" cb="0"/><line nr="192" mi="4" ci="0" mb="0" cb="0"/><line nr="193" mi="5" ci="0" mb="0" cb="0"/><line nr="194" mi="5" ci="0" mb="0" cb="0"/><line nr="195" mi="8" ci="0" mb="0" cb="0"/><line nr="196" mi="8" ci="0" mb="0" cb="0"/><line nr="197" mi="4" ci="0" mb="0" cb="0"/><line nr="198" mi="1" ci="0" mb="0" cb="0"/><line nr="200" mi="2" ci="0" mb="0" cb="0"/><line nr="206" mi="0" ci="12" mb="0" cb="0"/><line nr="208" mi="0" ci="4" mb="0" cb="0"/><line nr="209" mi="0" ci="1" mb="0" cb="0"/><line nr="211" mi="0" ci="1" mb="0" cb="0"/><line nr="220" mi="0" ci="5" mb="0" cb="0"/><line nr="222" mi="0" ci="6" mb="0" cb="0"/><line nr="223" mi="0" ci="9" mb="0" cb="0"/><line nr="224" mi="0" ci="2" mb="0" cb="0"/><line nr="225" mi="0" ci="9" mb="0" cb="0"/><line nr="226" mi="0" ci="8" mb="0" cb="0"/><line nr="227" mi="0" ci="3" mb="0" cb="0"/><line nr="229" mi="0" ci="6" mb="0" cb="0"/><line nr="230" mi="0" ci="1" mb="0" cb="0"/><line nr="231" mi="0" ci="13" mb="0" cb="0"/><line nr="232" mi="0" ci="1" mb="0" cb="0"/><line nr="235" mi="0" ci="24" mb="0" cb="0"/><line nr="236" mi="0" ci="1" mb="0" cb="0"/><line nr="239" mi="0" ci="2" mb="0" cb="0"/><line nr="240" mi="0" ci="2" mb="0" cb="0"/><line nr="241" mi="0" ci="11" mb="0" cb="0"/><line nr="245" mi="0" ci="2" mb="0" cb="0"/><line nr="246" mi="0" ci="2" mb="0" cb="0"/><line nr="247" mi="0" ci="11" mb="0" cb="0"/><line nr="251" mi="0" ci="9" mb="0" cb="0"/><line nr="252" mi="0" ci="5" mb="0" cb="0"/><counter type="INSTRUCTION" missed="230" covered="253"/><counter type="BRANCH" missed="9" covered="1"/><counter type="LINE" missed="50" covered="50"/><counter type="COMPLEXITY" missed="17" covered="15"/><counter type="METHOD" missed="12" covered="15"/><counter type="CLASS" missed="0" covered="2"/></sourcefile><counter type="INSTRUCTION" missed="273" covered="367"/><counter type="BRANCH" missed="13" covered="7"/><counter type="LINE" missed="57" covered="75"/><counter type="COMPLEXITY" missed="24" covered="21"/><counter type="METHOD" missed="16" covered="19"/><counter type="CLASS" missed="0" covered="3"/></package><package name="tourGuide/user"><class name="tourGuide/user/User" sourcefilename="User.java"><method name="&lt;init&gt;" desc="(Ljava/util/UUID;Ljava/lang/String;Ljava/lang/String;Ljava/lang/String;)V" line="19"><counter type="INSTRUCTION" missed="0" covered="35"/><counter type="LINE" missed="0" covered="10"/><counter type="COMPLEXITY" missed="0" covered="1"/><counter type="METHOD" missed="0" covered="1"/></method><method name="getUserId" desc="()Ljava/util/UUID;" line="33"><counter type="INSTRUCTION" missed="0" covered="3"/><counter type="LINE" missed="0" covered="1"/><counter type="COMPLEXITY" missed="0" covered="1"/><counter type="METHOD" missed="0" covered="1"/></method><method name="getUserName" desc="()Ljava/lang/String;" line="37"><counter type="INSTRUCTION" missed="0" covered="3"/><counter type="LINE" missed="0" covered="1"/><counter type="COMPLEXITY" missed="0" covered="1"/><counter type="METHOD" missed="0" covered="1"/></method><method name="setPhoneNumber" desc="(Ljava/lang/String;)V" line="41"><counter type="INSTRUCTION" missed="4" covered="0"/><counter type="LINE" missed="2" covered="0"/><counter type="COMPLEXITY" missed="1" covered="0"/><counter type="METHOD" missed="1" covered="0"/></method><method name="getPhoneNumber" desc="()Ljava/lang/String;" line="45"><counter type="INSTRUCTION" missed="3" covered="0"/><counter type="LINE" missed="1" covered="0"/><counter type="COMPLEXITY" missed="1" covered="0"/><counter type="METHOD" missed="1" covered="0"/></method><method name="setEmailAddress" desc="(Ljava/lang/String;)V" line="49"><counter type="INSTRUCTION" missed="4" covered="0"/><counter type="LINE" missed="2" covered="0"/><counter type="COMPLEXITY" missed="1" covered="0"/><counter type="METHOD" missed="1" covered="0"/></method><method name="getEmailAddress" desc="()Ljava/lang/String;" line="53"><counter type="INSTRUCTION" missed="3" covered="0"/><counter type="LINE" missed="1" covered="0"/><counter type="COMPLEXITY" missed="1" covered="0"/><counter type="METHOD" missed="1" covered="0"/></method><method name="setLatestLocationTimestamp" desc="(Ljava/util/Date;)V" line="57"><counter type="INSTRUCTION" missed="4" covered="0"/><counter type="LINE" missed="2" covered="0"/><counter type="COMPLEXITY" missed="1" covered="0"/><counter type="METHOD" missed="1" covered="0"/></method><method name="getLatestLocationTimestamp" desc="()Ljava/util/Date;" line="61"><counter type="INSTRUCTION" missed="3" covered="0"/><counter type="LINE" missed="1" covered="0"/><counter type="COMPLEXITY" missed="1" covered="0"/><counter type="METHOD" missed="1" covered="0"/></method><method name="addToVisitedLocations" desc="(LgpsUtil/location/VisitedLocation;)V" line="65"><counter type="INSTRUCTION" missed="0" covered="6"/><counter type="LINE" missed="0" covered="2"/><counter type="COMPLEXITY" missed="0" covered="1"/><counter type="METHOD" missed="0" covered="1"/></method><method name="getVisitedLocations" desc="()Ljava/util/List;" line="69"><counter type="INSTRUCTION" missed="0" covered="3"/><counter type="LINE" missed="0" covered="1"/><counter type="COMPLEXITY" missed="0" covered="1"/><counter type="METHOD" missed="0" covered="1"/></method><method name="clearVisitedLocations" desc="()V" line="73"><counter type="INSTRUCTION" missed="4" covered="0"/><counter type="LINE" missed="2" covered="0"/><counter type="COMPLEXITY" missed="1" covered="0"/><counter type="METHOD" missed="1" covered="0"/></method><method name="addUserReward" desc="(LtourGuide/user/UserReward;)V" line="77"><counter type="INSTRUCTION" missed="0" covered="13"/><counter type="BRANCH" missed="0" covered="2"/><counter type="LINE" missed="0" covered="3"/><counter type="COMPLEXITY" missed="0" covered="2"/><counter type="METHOD" missed="0" covered="1"/></method><method name="getUserRewards" desc="()Ljava/util/List;" line="84"><counter type="INSTRUCTION" missed="0" covered="3"/><counter type="LINE" missed="0" covered="1"/><counter type="COMPLEXITY" missed="0" covered="1"/><counter type="METHOD" missed="0" covered="1"/></method><method name="getUserPreferences" desc="()LtourGuide/user/UserPreferences;" line="88"><counter type="INSTRUCTION" missed="0" covered="3"/><counter type="LINE" missed="0" covered="1"/><counter type="COMPLEXITY" missed="0" covered="1"/><counter type="METHOD" missed="0" covered="1"/></method><method name="setUserPreferences" desc="(LtourGuide/user/UserPreferences;)V" line="92"><counter type="INSTRUCTION" missed="4" covered="0"/><counter type="LINE" missed="2" covered="0"/><counter type="COMPLEXITY" missed="1" covered="0"/><counter type="METHOD" missed="1" covered="0"/></method><method name="getLastVisitedLocation" desc="()LgpsUtil/location/VisitedLocation;" line="96"><counter type="INSTRUCTION" missed="0" covered="10"/><counter type="LINE" missed="0" covered="1"/><counter type="COMPLEXITY" missed="0" covered="1"/><counter type="METHOD" missed="0" covered="1"/></method><method name="setTripDeals" desc="(Ljava/util/List;)V" line="100"><counter type="INSTRUCTION" missed="0" covered="4"/><counter type="LINE" missed="0" covered="2"/><counter type="COMPLEXITY" missed="0" covered="1"/><counter type="METHOD" missed="0" covered="1"/></method><method name="getTripDeals" desc="()Ljava/util/List;" line="104"><counter type="INSTRUCTION" missed="3" covered="0"/><counter type="LINE" missed="1" covered="0"/><counter type="COMPLEXITY" missed="1" covered="0"/><counter type="METHOD" missed="1" covered="0"/></method><method name="lambda$addUserReward$0" desc="(LtourGuide/user/UserReward;LtourGuide/user/UserReward;)Z" line="77"><counter type="INSTRUCTION" missed="0" covered="8"/><counter type="LINE" missed="0" covered="1"/><counter type="COMPLEXITY" missed="0" covered="1"/><counter type="METHOD" missed="0" covered="1"/></method><counter type="INSTRUCTION" missed="32" covered="91"/><counter type="BRANCH" missed="0" covered="2"/><counter type="LINE" missed="14" covered="23"/><counter type="COMPLEXITY" missed="9" covered="12"/><counter type="METHOD" missed="9" covered="11"/><counter type="CLASS" missed="0" covered="1"/></class><class name="tourGuide/user/UserReward" sourcefilename="UserReward.java"><method name="&lt;init&gt;" desc="(LgpsUtil/location/VisitedLocation;LgpsUtil/location/Attraction;I)V" line="11"><counter type="INSTRUCTION" missed="0" covered="12"/><counter type="LINE" missed="0" covered="5"/><counter type="COMPLEXITY" missed="0" covered="1"/><counter type="METHOD" missed="0" covered="1"/></method><method name="&lt;init&gt;" desc="(LgpsUtil/location/VisitedLocation;LgpsUtil/location/Attraction;)V" line="17"><counter type="INSTRUCTION" missed="9" covered="0"/><counter type="LINE" missed="4" covered="0"/><counter type="COMPLEXITY" missed="1" covered="0"/><counter type="METHOD" missed="1" covered="0"/></method><method name="setRewardPoints" desc="(I)V" line="23"><counter type="INSTRUCTION" missed="4" covered="0"/><counter type="LINE" missed="2" covered="0"/><counter type="COMPLEXITY" missed="1" covered="0"/><counter type="METHOD" missed="1" covered="0"/></method><method name="getRewardPoints" desc="()I" line="27"><counter type="INSTRUCTION" missed="3" covered="0"/><counter type="LINE" missed="1" covered="0"/><counter type="COMPLEXITY" missed="1" covered="0"/><counter type="METHOD" missed="1" covered="0"/></method><counter type="INSTRUCTION" missed="16" covered="12"/><counter type="LINE" missed="7" covered="5"/><counter type="COMPLEXITY" missed="3" covered="1"/><counter type="METHOD" missed="3" covered="1"/><counter type="CLASS" missed="0" covered="1"/></class><class name="tourGuide/user/UserLocation" sourcefilename="UserLocation.java"><method name="&lt;init&gt;" desc="(Ljava/lang/String;DD)V" line="18"><counter type="INSTRUCTION" missed="12" covered="0"/><counter type="LINE" missed="5" covered="0"/><counter type="COMPLEXITY" missed="1" covered="0"/><counter type="METHOD" missed="1" covered="0"/></method><method name="getUserid" desc="()Ljava/lang/String;" line="13"><counter type="INSTRUCTION" missed="3" covered="0"/><counter type="LINE" missed="1" covered="0"/><counter type="COMPLEXITY" missed="1" covered="0"/><counter type="METHOD" missed="1" covered="0"/></method><method name="getVisitedLatitude" desc="()D" line="14"><counter type="INSTRUCTION" missed="3" covered="0"/><counter type="LINE" missed="1" covered="0"/><counter type="COMPLEXITY" missed="1" covered="0"/><counter type="METHOD" missed="1" covered="0"/></method><method name="getVisitedLongitude" desc="()D" line="15"><counter type="INSTRUCTION" missed="3" covered="0"/><counter type="LINE" missed="1" covered="0"/><counter type="COMPLEXITY" missed="1" covered="0"/><counter type="METHOD" missed="1" covered="0"/></method><method name="setUserid" desc="(Ljava/lang/String;)V" line="8"><counter type="INSTRUCTION" missed="4" covered="0"/><counter type="LINE" missed="1" covered="0"/><counter type="COMPLEXITY" missed="1" covered="0"/><counter type="METHOD" missed="1" covered="0"/></method><method name="setVisitedLatitude" desc="(D)V" line="8"><counter type="INSTRUCTION" missed="4" covered="0"/><counter type="LINE" missed="1" covered="0"/><counter type="COMPLEXITY" missed="1" covered="0"/><counter type="METHOD" missed="1" covered="0"/></method><method name="setVisitedLongitude" desc="(D)V" line="8"><counter type="INSTRUCTION" missed="4" covered="0"/><counter type="LINE" missed="1" covered="0"/><counter type="COMPLEXITY" missed="1" covered="0"/><counter type="METHOD" missed="1" covered="0"/></method><method name="&lt;init&gt;" desc="()V" line="9"><counter type="INSTRUCTION" missed="3" covered="0"/><counter type="LINE" missed="1" covered="0"/><counter type="COMPLEXITY" missed="1" covered="0"/><counter type="METHOD" missed="1" covered="0"/></method><counter type="INSTRUCTION" missed="36" covered="0"/><counter type="LINE" missed="10" covered="0"/><counter type="COMPLEXITY" missed="8" covered="0"/><counter type="METHOD" missed="8" covered="0"/><counter type="CLASS" missed="1" covered="0"/></class><class name="tourGuide/user/UserAttraction" sourcefilename="UserAttraction.java"><method name="getAttractionName" desc="()Ljava/lang/String;" line="12"><counter type="INSTRUCTION" missed="3" covered="0"/><counter type="LINE" missed="1" covered="0"/><counter type="COMPLEXITY" missed="1" covered="0"/><counter type="METHOD" missed="1" covered="0"/></method><method name="getAttractionLatitude" desc="()D" line="13"><counter type="INSTRUCTION" missed="3" covered="0"/><counter type="LINE" missed="1" covered="0"/><counter type="COMPLEXITY" missed="1" covered="0"/><counter type="METHOD" missed="1" covered="0"/></method><method name="getAttractionLongitude" desc="()D" line="14"><counter type="INSTRUCTION" missed="3" covered="0"/><counter type="LINE" missed="1" covered="0"/><counter type="COMPLEXITY" missed="1" covered="0"/><counter type="METHOD" missed="1" covered="0"/></method><method name="getVisitedLatitude" desc="()D" line="15"><counter type="INSTRUCTION" missed="3" covered="0"/><counter type="LINE" missed="1" covered="0"/><counter type="COMPLEXITY" missed="1" covered="0"/><counter type="METHOD" missed="1" covered="0"/></method><method name="getVisitedLongitude" desc="()D" line="16"><counter type="INSTRUCTION" missed="3" covered="0"/><counter type="LINE" missed="1" covered="0"/><counter type="COMPLEXITY" missed="1" covered="0"/><counter type="METHOD" missed="1" covered="0"/></method><method name="getDistanceUser" desc="()D" line="17"><counter type="INSTRUCTION" missed="3" covered="0"/><counter type="LINE" missed="1" covered="0"/><counter type="COMPLEXITY" missed="1" covered="0"/><counter type="METHOD" missed="1" covered="0"/></method><method name="getRewardPoints" desc="()I" line="18"><counter type="INSTRUCTION" missed="3" covered="0"/><counter type="LINE" missed="1" covered="0"/><counter type="COMPLEXITY" missed="1" covered="0"/><counter type="METHOD" missed="1" covered="0"/></method><method name="setAttractionName" desc="(Ljava/lang/String;)V" line="8"><counter type="INSTRUCTION" missed="4" covered="0"/><counter type="LINE" missed="1" covered="0"/><counter type="COMPLEXITY" missed="1" covered="0"/><counter type="METHOD" missed="1" covered="0"/></method><method name="setAttractionLatitude" desc="(D)V" line="8"><counter type="INSTRUCTION" missed="4" covered="0"/><counter type="LINE" missed="1" covered="0"/><counter type="COMPLEXITY" missed="1" covered="0"/><counter type="METHOD" missed="1" covered="0"/></method><method name="setAttractionLongitude" desc="(D)V" line="8"><counter type="INSTRUCTION" missed="4" covered="0"/><counter type="LINE" missed="1" covered="0"/><counter type="COMPLEXITY" missed="1" covered="0"/><counter type="METHOD" missed="1" covered="0"/></method><method name="setVisitedLatitude" desc="(D)V" line="8"><counter type="INSTRUCTION" missed="4" covered="0"/><counter type="LINE" missed="1" covered="0"/><counter type="COMPLEXITY" missed="1" covered="0"/><counter type="METHOD" missed="1" covered="0"/></method><method name="setVisitedLongitude" desc="(D)V" line="8"><counter type="INSTRUCTION" missed="4" covered="0"/><counter type="LINE" missed="1" covered="0"/><counter type="COMPLEXITY" missed="1" covered="0"/><counter type="METHOD" missed="1" covered="0"/></method><method name="setDistanceUser" desc="(D)V" line="8"><counter type="INSTRUCTION" missed="4" covered="0"/><counter type="LINE" missed="1" covered="0"/><counter type="COMPLEXITY" missed="1" covered="0"/><counter type="METHOD" missed="1" covered="0"/></method><method name="setRewardPoints" desc="(I)V" line="8"><counter type="INSTRUCTION" missed="4" covered="0"/><counter type="LINE" missed="1" covered="0"/><counter type="COMPLEXITY" missed="1" covered="0"/><counter type="METHOD" missed="1" covered="0"/></method><method name="&lt;init&gt;" desc="()V" line="9"><counter type="INSTRUCTION" missed="3" covered="0"/><counter type="LINE" missed="1" covered="0"/><counter type="COMPLEXITY" missed="1" covered="0"/><counter type="METHOD" missed="1" covered="0"/></method><counter type="INSTRUCTION" missed="52" covered="0"/><counter type="LINE" missed="9" covered="0"/><counter type="COMPLEXITY" missed="15" covered="0"/><counter type="METHOD" missed="15" covered="0"/><counter type="CLASS" missed="1" covered="0"/></class><class name="tourGuide/user/UserPreferences" sourcefilename="UserPreferences.java"><method name="&lt;init&gt;" desc="()V" line="11"><counter type="INSTRUCTION" missed="0" covered="38"/><counter type="LINE" missed="0" covered="10"/><counter type="COMPLEXITY" missed="0" covered="1"/><counter type="METHOD" missed="0" covered="1"/></method><method name="setAttractionProximity" desc="(I)V" line="24"><counter type="INSTRUCTION" missed="4" covered="0"/><counter type="LINE" missed="2" covered="0"/><counter type="COMPLEXITY" missed="1" covered="0"/><counter type="METHOD" missed="1" covered="0"/></method><method name="getAttractionProximity" desc="()I" line="28"><counter type="INSTRUCTION" missed="3" covered="0"/><counter type="LINE" missed="1" covered="0"/><counter type="COMPLEXITY" missed="1" covered="0"/><counter type="METHOD" missed="1" covered="0"/></method><method name="getLowerPricePoint" desc="()Lorg/javamoney/moneta/Money;" line="32"><counter type="INSTRUCTION" missed="3" covered="0"/><counter type="LINE" missed="1" covered="0"/><counter type="COMPLEXITY" missed="1" covered="0"/><counter type="METHOD" missed="1" covered="0"/></method><method name="setLowerPricePoint" desc="(Lorg/javamoney/moneta/Money;)V" line="36"><counter type="INSTRUCTION" missed="4" covered="0"/><counter type="LINE" missed="2" covered="0"/><counter type="COMPLEXITY" missed="1" covered="0"/><counter type="METHOD" missed="1" covered="0"/></method><method name="getHighPricePoint" desc="()Lorg/javamoney/moneta/Money;" line="40"><counter type="INSTRUCTION" missed="3" covered="0"/><counter type="LINE" missed="1" covered="0"/><counter type="COMPLEXITY" missed="1" covered="0"/><counter type="METHOD" missed="1" covered="0"/></method><method name="setHighPricePoint" desc="(Lorg/javamoney/moneta/Money;)V" line="44"><counter type="INSTRUCTION" missed="4" covered="0"/><counter type="LINE" missed="2" covered="0"/><counter type="COMPLEXITY" missed="1" covered="0"/><counter type="METHOD" missed="1" covered="0"/></method><method name="getTripDuration" desc="()I" line="48"><counter type="INSTRUCTION" missed="0" covered="3"/><counter type="LINE" missed="0" covered="1"/><counter type="COMPLEXITY" missed="0" covered="1"/><counter type="METHOD" missed="0" covered="1"/></method><method name="setTripDuration" desc="(I)V" line="52"><counter type="INSTRUCTION" missed="4" covered="0"/><counter type="LINE" missed="2" covered="0"/><counter type="COMPLEXITY" missed="1" covered="0"/><counter type="METHOD" missed="1" covered="0"/></method><method name="getTicketQuantity" desc="()I" line="56"><counter type="INSTRUCTION" missed="3" covered="0"/><counter type="LINE" missed="1" covered="0"/><counter type="COMPLEXITY" missed="1" covered="0"/><counter type="METHOD" missed="1" covered="0"/></method><method name="setTicketQuantity" desc="(I)V" line="60"><counter type="INSTRUCTION" missed="4" covered="0"/><counter type="LINE" missed="2" covered="0"/><counter type="COMPLEXITY" missed="1" covered="0"/><counter type="METHOD" missed="1" covered="0"/></method><method name="getNumberOfAdults" desc="()I" line="64"><counter type="INSTRUCTION" missed="0" covered="3"/><counter type="LINE" missed="0" covered="1"/><counter type="COMPLEXITY" missed="0" covered="1"/><counter type="METHOD" missed="0" covered="1"/></method><method name="setNumberOfAdults" desc="(I)V" line="68"><counter type="INSTRUCTION" missed="4" covered="0"/><counter type="LINE" missed="2" covered="0"/><counter type="COMPLEXITY" missed="1" covered="0"/><counter type="METHOD" missed="1" covered="0"/></method><method name="getNumberOfChildren" desc="()I" line="72"><counter type="INSTRUCTION" missed="0" covered="3"/><counter type="LINE" missed="0" covered="1"/><counter type="COMPLEXITY" missed="0" covered="1"/><counter type="METHOD" missed="0" covered="1"/></method><method name="setNumberOfChildren" desc="(I)V" line="76"><counter type="INSTRUCTION" missed="4" covered="0"/><counter type="LINE" missed="2" covered="0"/><counter type="COMPLEXITY" missed="1" covered="0"/><counter type="METHOD" missed="1" covered="0"/></method><counter type="INSTRUCTION" missed="40" covered="47"/><counter type="LINE" missed="18" covered="13"/><counter type="COMPLEXITY" missed="11" covered="4"/><counter type="METHOD" missed="11" covered="4"/><counter type="CLASS" missed="0" covered="1"/></class><sourcefile name="UserPreferences.java"><line nr="11" mi="0" ci="3" mb="0" cb="0"/><line nr="12" mi="0" ci="6" mb="0" cb="0"/><line nr="13" mi="0" ci="7" mb="0" cb="0"/><line nr="14" mi="0" ci="7" mb="0" cb="0"/><line nr="15" mi="0" ci="3" mb="0" cb="0"/><line nr="16" mi="0" ci="3" mb="0" cb="0"/><line nr="17" mi="0" ci="3" mb="0" cb="0"/><line nr="18" mi="0" ci="3" mb="0" cb="0"/><line nr="20" mi="0" ci="2" mb="0" cb="0"/><line nr="21" mi="0" ci="1" mb="0" cb="0"/><line nr="24" mi="3" ci="0" mb="0" cb="0"/><line nr="25" mi="1" ci="0" mb="0" cb="0"/><line nr="28" mi="3" ci="0" mb="0" cb="0"/><line nr="32" mi="3" ci="0" mb="0" cb="0"/><line nr="36" mi="3" ci="0" mb="0" cb="0"/><line nr="37" mi="1" ci="0" mb="0" cb="0"/><line nr="40" mi="3" ci="0" mb="0" cb="0"/><line nr="44" mi="3" ci="0" mb="0" cb="0"/><line nr="45" mi="1" ci="0" mb="0" cb="0"/><line nr="48" mi="0" ci="3" mb="0" cb="0"/><line nr="52" mi="3" ci="0" mb="0" cb="0"/><line nr="53" mi="1" ci="0" mb="0" cb="0"/><line nr="56" mi="3" ci="0" mb="0" cb="0"/><line nr="60" mi="3" ci="0" mb="0" cb="0"/><line nr="61" mi="1" ci="0" mb="0" cb="0"/><line nr="64" mi="0" ci="3" mb="0" cb="0"/><line nr="68" mi="3" ci="0" mb="0" cb="0"/><line nr="69" mi="1" ci="0" mb="0" cb="0"/><line nr="72" mi="0" ci="3" mb="0" cb="0"/><line nr="76" mi="3" ci="0" mb="0" cb="0"/><line nr="77" mi="1" ci="0" mb="0" cb="0"/><counter type="INSTRUCTION" missed="40" covered="47"/><counter type="LINE" missed="18" covered="13"/><counter type="COMPLEXITY" missed="11" covered="4"/><counter type="METHOD" missed="11" covered="4"/><counter type="CLASS" missed="0" covered="1"/></sourcefile><sourcefile name="UserAttraction.java"><line nr="8" mi="28" ci="0" mb="0" cb="0"/><line nr="9" mi="3" ci="0" mb="0" cb="0"/><line nr="12" mi="3" ci="0" mb="0" cb="0"/><line nr="13" mi="3" ci="0" mb="0" cb="0"/><line nr="14" mi="3" ci="0" mb="0" cb="0"/><line nr="15" mi="3" ci="0" mb="0" cb="0"/><line nr="16" mi="3" ci="0" mb="0" cb="0"/><line nr="17" mi="3" ci="0" mb="0" cb="0"/><line nr="18" mi="3" ci="0" mb="0" cb="0"/><counter type="INSTRUCTION" missed="52" covered="0"/><counter type="LINE" missed="9" covered="0"/><counter type="COMPLEXITY" missed="15" covered="0"/><counter type="METHOD" missed="15" covered="0"/><counter type="CLASS" missed="1" covered="0"/></sourcefile><sourcefile name="UserReward.java"><line nr="11" mi="0" ci="2" mb="0" cb="0"/><line nr="12" mi="0" ci="3" mb="0" cb="0"/><line nr="13" mi="0" ci="3" mb="0" cb="0"/><line nr="14" mi="0" ci="3" mb="0" cb="0"/><line nr="15" mi="0" ci="1" mb="0" cb="0"/><line nr="17" mi="2" ci="0" mb="0" cb="0"/><line nr="18" mi="3" ci="0" mb="0" cb="0"/><line nr="19" mi="3" ci="0" mb="0" cb="0"/><line nr="20" mi="1" ci="0" mb="0" cb="0"/><line nr="23" mi="3" ci="0" mb="0" cb="0"/><line nr="24" mi="1" ci="0" mb="0" cb="0"/><line nr="27" mi="3" ci="0" mb="0" cb="0"/><counter type="INSTRUCTION" missed="16" covered="12"/><counter type="LINE" missed="7" covered="5"/><counter type="COMPLEXITY" missed="3" covered="1"/><counter type="METHOD" missed="3" covered="1"/><counter type="CLASS" missed="0" covered="1"/></sourcefile><sourcefile name="UserLocation.java"><line nr="8" mi="12" ci="0" mb="0" cb="0"/><line nr="9" mi="3" ci="0" mb="0" cb="0"/><line nr="13" mi="3" ci="0" mb="0" cb="0"/><line nr="14" mi="3" ci="0" mb="0" cb="0"/><line nr="15" mi="3" ci="0" mb="0" cb="0"/><line nr="18" mi="2" ci="0" mb="0" cb="0"/><line nr="19" mi="3" ci="0" mb="0" cb="0"/><line nr="20" mi="3" ci="0" mb="0" cb="0"/><line nr="21" mi="3" ci="0" mb="0" cb="0"/><line nr="22" mi="1" ci="0" mb="0" cb="0"/><counter type="INSTRUCTION" missed="36" covered="0"/><counter type="LINE" missed="10" covered="0"/><counter type="COMPLEXITY" missed="8" covered="0"/><counter type="METHOD" missed="8" covered="0"/><counter type="CLASS" missed="1" covered="0"/></sourcefile><sourcefile name="User.java"><line nr="19" mi="0" ci="5" mb="0" cb="0"/><line nr="20" mi="0" ci="5" mb="0" cb="0"/><line nr="21" mi="0" ci="5" mb="0" cb="0"/><line nr="22" mi="0" ci="5" mb="0" cb="0"/><line nr="25" mi="0" ci="2" mb="0" cb="0"/><line nr="26" mi="0" ci="3" mb="0" cb="0"/><line nr="27" mi="0" ci="3" mb="0" cb="0"/><line nr="28" mi="0" ci="3" mb="0" cb="0"/><line nr="29" mi="0" ci="3" mb="0" cb="0"/><line nr="30" mi="0" ci="1" mb="0" cb="0"/><line nr="33" mi="0" ci="3" mb="0" cb="0"/><line nr="37" mi="0" ci="3" mb="0" cb="0"/><line nr="41" mi="3" ci="0" mb="0" cb="0"/><line nr="42" mi="1" ci="0" mb="0" cb="0"/><line nr="45" mi="3" ci="0" mb="0" cb="0"/><line nr="49" mi="3" ci="0" mb="0" cb="0"/><line nr="50" mi="1" ci="0" mb="0" cb="0"/><line nr="53" mi="3" ci="0" mb="0" cb="0"/><line nr="57" mi="3" ci="0" mb="0" cb="0"/><line nr="58" mi="1" ci="0" mb="0" cb="0"/><line nr="61" mi="3" ci="0" mb="0" cb="0"/><line nr="65" mi="0" ci="5" mb="0" cb="0"/><line nr="66" mi="0" ci="1" mb="0" cb="0"/><line nr="69" mi="0" ci="3" mb="0" cb="0"/><line nr="73" mi="3" ci="0" mb="0" cb="0"/><line nr="74" mi="1" ci="0" mb="0" cb="0"/><line nr="77" mi="0" ci="15" mb="0" cb="2"/><line nr="79" mi="0" ci="5" mb="0" cb="0"/><line nr="81" mi="0" ci="1" mb="0" cb="0"/><line nr="84" mi="0" ci="3" mb="0" cb="0"/><line nr="88" mi="0" ci="3" mb="0" cb="0"/><line nr="92" mi="3" ci="0" mb="0" cb="0"/><line nr="93" mi="1" ci="0" mb="0" cb="0"/><line nr="96" mi="0" ci="10" mb="0" cb="0"/><line nr="100" mi="0" ci="3" mb="0" cb="0"/><line nr="101" mi="0" ci="1" mb="0" cb="0"/><line nr="104" mi="3" ci="0" mb="0" cb="0"/><counter type="INSTRUCTION" missed="32" covered="91"/><counter type="BRANCH" missed="0" covered="2"/><counter type="LINE" missed="14" covered="23"/><counter type="COMPLEXITY" missed="9" covered="12"/><counter type="METHOD" missed="9" covered="11"/><counter type="CLASS" missed="0" covered="1"/></sourcefile><counter type="INSTRUCTION" missed="176" covered="150"/><counter type="BRANCH" missed="0" covered="2"/><counter type="LINE" missed="58" covered="41"/><counter type="COMPLEXITY" missed="46" covered="17"/><counter type="METHOD" missed="46" covered="16"/><counter type="CLASS" missed="2" covered="3"/></package><counter type="INSTRUCTION" missed="532" covered="658"/><counter type="BRANCH" missed="14" covered="12"/><counter type="LINE" missed="133" covered="154"/><counter type="COMPLEXITY" missed="83" covered="52"/><counter type="METHOD" missed="74" covered="48"/><counter type="CLASS" missed="3" covered="10"/></report>